#
# There is insufficient memory for the Java Runtime Environment to continue.
# Native memory allocation (malloc) failed to allocate 717216 bytes for Chunk::new
# Possible reasons:
#   The system is out of physical RAM or swap space
#   The process is running with CompressedOops enabled, and the Java Heap may be blocking the growth of the native heap
# Possible solutions:
#   Reduce memory load on the system
#   Increase physical memory or swap space
#   Check if swap backing store is full
#   Decrease Java heap size (-Xmx/-Xms)
#   Decrease number of Java threads
#   Decrease Java thread stack sizes (-Xss)
#   Set larger code cache with -XX:ReservedCodeCacheSize=
#   JVM is running with Zero Based Compressed Oops mode in which the Java heap is
#     placed in the first 32GB address space. The Java Heap base address is the
#     maximum limit for the native heap growth. Please use -XX:HeapBaseMinAddress
#     to set the Java Heap base and to place the Java Heap above 32GB virtual address.
# This output file may be truncated or incomplete.
#
#  Out of Memory Error (./src/hotspot/share/memory/arena.cpp:197), pid=32256, tid=11260
#
# JRE version: OpenJDK Runtime Environment Temurin-11.0.14.1+1 (11.0.14.1+1) (build 11.0.14.1+1)
# Java VM: OpenJDK 64-Bit Server VM Temurin-11.0.14.1+1 (11.0.14.1+1, mixed mode, tiered, compressed oops, g1 gc, windows-amd64)
# No core dump will be written. Minidumps are not enabled by default on client versions of Windows
#

---------------  S U M M A R Y ------------

Command Line: -Dfile.encoding=UTF-8 -Dcom.android.sdklib.toolsdir=E:\2-2023\GDVLPMT\un\2022.3.5f1\Editor\Data\PlaybackEngines\AndroidPlayer\SDK\cmdline-tools\6.0\bin\\.. com.android.sdklib.tool.sdkmanager.SdkManagerCli --list

Host: Intel(R) Core(TM) i7-1065G7 CPU @ 1.30GHz, 8 cores, 15G,  Windows 10 , 64 bit Build 19041 (10.0.19041.4717)
Time: Sat Sep 14 20:23:42 2024 Hora estándar oeste, Sudamérica elapsed time: 1.349316 seconds (0d 0h 0m 1s)

---------------  T H R E A D  ---------------

Current thread (0x0000021236674000):  JavaThread "C2 CompilerThread2" daemon [_thread_in_native, id=11260, stack(0x00000053dec00000,0x00000053ded00000)]


Current CompileTask:
C2:   1349 2098   !   4       com.sun.org.apache.xerces.internal.impl.XMLDocumentFragmentScannerImpl$FragmentContentDriver::next (2329 bytes)

Stack: [0x00000053dec00000,0x00000053ded00000]
Native frames: (J=compiled Java code, j=interpreted, Vv=VM code, C=native code)
V  [jvm.dll+0x61e59a]
V  [jvm.dll+0x7aaca9]
V  [jvm.dll+0x7ac398]
V  [jvm.dll+0x7aca73]
V  [jvm.dll+0x24f9b8]
V  [jvm.dll+0xc260c]
V  [jvm.dll+0xc2bcc]
V  [jvm.dll+0x2c1884]
V  [jvm.dll+0x52d899]
V  [jvm.dll+0x210fcd]
V  [jvm.dll+0x20ac34]
V  [jvm.dll+0x207ccb]
V  [jvm.dll+0x18a2c1]
V  [jvm.dll+0x217734]
V  [jvm.dll+0x21597b]
V  [jvm.dll+0x76d7c0]
V  [jvm.dll+0x766724]
V  [jvm.dll+0x61d3f6]
C  [ucrtbase.dll+0x21bb2]
C  [KERNEL32.DLL+0x17374]
C  [ntdll.dll+0x4cc91]


---------------  P R O C E S S  ---------------

Threads class SMR info:
_java_thread_list=0x000002123655ca40, length=12, elements={
0x0000021210ded800, 0x0000021235294000, 0x0000021235295000, 0x00000212352eb800,
0x00000212352ef000, 0x00000212352f1800, 0x00000212352f2800, 0x00000212352f4000,
0x0000021235300800, 0x0000021235483800, 0x0000021235499800, 0x0000021236674000
}

Java Threads: ( => current thread )
  0x0000021210ded800 JavaThread "main" [_thread_in_Java, id=22536, stack(0x00000053dd500000,0x00000053dd600000)]
  0x0000021235294000 JavaThread "Reference Handler" daemon [_thread_blocked, id=31476, stack(0x00000053ddc00000,0x00000053ddd00000)]
  0x0000021235295000 JavaThread "Finalizer" daemon [_thread_blocked, id=28092, stack(0x00000053ddd00000,0x00000053dde00000)]
  0x00000212352eb800 JavaThread "Signal Dispatcher" daemon [_thread_blocked, id=38512, stack(0x00000053dde00000,0x00000053ddf00000)]
  0x00000212352ef000 JavaThread "Attach Listener" daemon [_thread_blocked, id=26656, stack(0x00000053ddf00000,0x00000053de000000)]
  0x00000212352f1800 JavaThread "Service Thread" daemon [_thread_blocked, id=35756, stack(0x00000053de000000,0x00000053de100000)]
  0x00000212352f2800 JavaThread "C2 CompilerThread0" daemon [_thread_in_native, id=28600, stack(0x00000053de100000,0x00000053de200000)]
  0x00000212352f4000 JavaThread "C1 CompilerThread0" daemon [_thread_blocked, id=36628, stack(0x00000053de200000,0x00000053de300000)]
  0x0000021235300800 JavaThread "Sweeper thread" daemon [_thread_blocked, id=37028, stack(0x00000053de300000,0x00000053de400000)]
  0x0000021235483800 JavaThread "Common-Cleaner" daemon [_thread_blocked, id=37632, stack(0x00000053de500000,0x00000053de600000)]
  0x0000021235499800 JavaThread "C2 CompilerThread1" daemon [_thread_in_native, id=960, stack(0x00000053de600000,0x00000053de700000)]
=>0x0000021236674000 JavaThread "C2 CompilerThread2" daemon [_thread_in_native, id=11260, stack(0x00000053dec00000,0x00000053ded00000)]

Other Threads:
  0x0000021235292000 VMThread "VM Thread" [stack: 0x00000053ddb00000,0x00000053ddc00000] [id=17636]
  0x0000021235476000 WatcherThread [stack: 0x00000053de400000,0x00000053de500000] [id=25772]
  0x000002120eb6e800 GCTaskThread "GC Thread#0" [stack: 0x00000053dd600000,0x00000053dd700000] [id=39604]
  0x0000021235dd6000 GCTaskThread "GC Thread#1" [stack: 0x00000053de700000,0x00000053de800000] [id=39180]
  0x0000021235d39000 GCTaskThread "GC Thread#2" [stack: 0x00000053de800000,0x00000053de900000] [id=29988]
  0x0000021235d3a000 GCTaskThread "GC Thread#3" [stack: 0x00000053de900000,0x00000053dea00000] [id=9620]
  0x0000021235bd1800 GCTaskThread "GC Thread#4" [stack: 0x00000053dea00000,0x00000053deb00000] [id=22756]
  0x0000021235bd3000 GCTaskThread "GC Thread#5" [stack: 0x00000053deb00000,0x00000053dec00000] [id=34928]
  0x0000021210e5f800 ConcurrentGCThread "G1 Main Marker" [stack: 0x00000053dd700000,0x00000053dd800000] [id=29516]
  0x0000021210e60800 ConcurrentGCThread "G1 Conc#0" [stack: 0x00000053dd800000,0x00000053dd900000] [id=17340]
  0x00000212348d0800 ConcurrentGCThread "G1 Refine#0" [stack: 0x00000053dd900000,0x00000053dda00000] [id=9500]
  0x00000212348d1800 ConcurrentGCThread "G1 Young RemSet Sampling" [stack: 0x00000053dda00000,0x00000053ddb00000] [id=35288]

Threads with active compile tasks:
C2 CompilerThread0   1415 2164       4       com.sun.org.apache.xerces.internal.impl.XMLEntityScanner::scanQName (578 bytes)
C2 CompilerThread1   1415 2208       4       java.util.regex.Pattern::sequence (645 bytes)
C2 CompilerThread2   1415 2098   !   4       com.sun.org.apache.xerces.internal.impl.XMLDocumentFragmentScannerImpl$FragmentContentDriver::next (2329 bytes)

VM state:not at safepoint (normal execution)

VM Mutex/Monitor currently owned by a thread: None

Heap address: 0x0000000703a00000, size: 4038 MB, Compressed Oops mode: Zero based, Oop shift amount: 3
Narrow klass base: 0x0000000800000000, Narrow klass shift: 0
Compressed class space size: 1073741824 Address: 0x0000000800000000

Heap:
 garbage-first heap   total 260096K, used 51756K [0x0000000703a00000, 0x0000000800000000)
  region size 1024K, 51 young (52224K), 3 survivors (3072K)
 Metaspace       used 18564K, capacity 18885K, committed 19072K, reserved 1067008K
  class space    used 1821K, capacity 1916K, committed 1920K, reserved 1048576K
Heap Regions: E=young(eden), S=young(survivor), O=old, HS=humongous(starts), HC=humongous(continues), CS=collection set, F=free, A=archive, TAMS=top-at-mark-start (previous, next)
|   0|0x0000000703a00000, 0x0000000703a00000, 0x0000000703b00000|  0%| F|  |TAMS 0x0000000703a00000, 0x0000000703a00000| Untracked 
|   1|0x0000000703b00000, 0x0000000703b8b200, 0x0000000703c00000| 54%| O|  |TAMS 0x0000000703b00000, 0x0000000703b00000| Untracked 
|   2|0x0000000703c00000, 0x0000000703c00000, 0x0000000703d00000|  0%| F|  |TAMS 0x0000000703c00000, 0x0000000703c00000| Untracked 
|   3|0x0000000703d00000, 0x0000000703d00000, 0x0000000703e00000|  0%| F|  |TAMS 0x0000000703d00000, 0x0000000703d00000| Untracked 
|   4|0x0000000703e00000, 0x0000000703e00000, 0x0000000703f00000|  0%| F|  |TAMS 0x0000000703e00000, 0x0000000703e00000| Untracked 
|   5|0x0000000703f00000, 0x0000000703f00000, 0x0000000704000000|  0%| F|  |TAMS 0x0000000703f00000, 0x0000000703f00000| Untracked 
|   6|0x0000000704000000, 0x0000000704000000, 0x0000000704100000|  0%| F|  |TAMS 0x0000000704000000, 0x0000000704000000| Untracked 
|   7|0x0000000704100000, 0x0000000704100000, 0x0000000704200000|  0%| F|  |TAMS 0x0000000704100000, 0x0000000704100000| Untracked 
|   8|0x0000000704200000, 0x0000000704200000, 0x0000000704300000|  0%| F|  |TAMS 0x0000000704200000, 0x0000000704200000| Untracked 
|   9|0x0000000704300000, 0x0000000704300000, 0x0000000704400000|  0%| F|  |TAMS 0x0000000704300000, 0x0000000704300000| Untracked 
|  10|0x0000000704400000, 0x0000000704400000, 0x0000000704500000|  0%| F|  |TAMS 0x0000000704400000, 0x0000000704400000| Untracked 
|  11|0x0000000704500000, 0x0000000704500000, 0x0000000704600000|  0%| F|  |TAMS 0x0000000704500000, 0x0000000704500000| Untracked 
|  12|0x0000000704600000, 0x0000000704600000, 0x0000000704700000|  0%| F|  |TAMS 0x0000000704600000, 0x0000000704600000| Untracked 
|  13|0x0000000704700000, 0x0000000704700000, 0x0000000704800000|  0%| F|  |TAMS 0x0000000704700000, 0x0000000704700000| Untracked 
|  14|0x0000000704800000, 0x0000000704800000, 0x0000000704900000|  0%| F|  |TAMS 0x0000000704800000, 0x0000000704800000| Untracked 
|  15|0x0000000704900000, 0x0000000704900000, 0x0000000704a00000|  0%| F|  |TAMS 0x0000000704900000, 0x0000000704900000| Untracked 
|  16|0x0000000704a00000, 0x0000000704a00000, 0x0000000704b00000|  0%| F|  |TAMS 0x0000000704a00000, 0x0000000704a00000| Untracked 
|  17|0x0000000704b00000, 0x0000000704b00000, 0x0000000704c00000|  0%| F|  |TAMS 0x0000000704b00000, 0x0000000704b00000| Untracked 
|  18|0x0000000704c00000, 0x0000000704c00000, 0x0000000704d00000|  0%| F|  |TAMS 0x0000000704c00000, 0x0000000704c00000| Untracked 
|  19|0x0000000704d00000, 0x0000000704d00000, 0x0000000704e00000|  0%| F|  |TAMS 0x0000000704d00000, 0x0000000704d00000| Untracked 
|  20|0x0000000704e00000, 0x0000000704e00000, 0x0000000704f00000|  0%| F|  |TAMS 0x0000000704e00000, 0x0000000704e00000| Untracked 
|  21|0x0000000704f00000, 0x0000000704f00000, 0x0000000705000000|  0%| F|  |TAMS 0x0000000704f00000, 0x0000000704f00000| Untracked 
|  22|0x0000000705000000, 0x0000000705000000, 0x0000000705100000|  0%| F|  |TAMS 0x0000000705000000, 0x0000000705000000| Untracked 
|  23|0x0000000705100000, 0x0000000705100000, 0x0000000705200000|  0%| F|  |TAMS 0x0000000705100000, 0x0000000705100000| Untracked 
|  24|0x0000000705200000, 0x0000000705200000, 0x0000000705300000|  0%| F|  |TAMS 0x0000000705200000, 0x0000000705200000| Untracked 
|  25|0x0000000705300000, 0x0000000705300000, 0x0000000705400000|  0%| F|  |TAMS 0x0000000705300000, 0x0000000705300000| Untracked 
|  26|0x0000000705400000, 0x0000000705400000, 0x0000000705500000|  0%| F|  |TAMS 0x0000000705400000, 0x0000000705400000| Untracked 
|  27|0x0000000705500000, 0x0000000705500000, 0x0000000705600000|  0%| F|  |TAMS 0x0000000705500000, 0x0000000705500000| Untracked 
|  28|0x0000000705600000, 0x0000000705600000, 0x0000000705700000|  0%| F|  |TAMS 0x0000000705600000, 0x0000000705600000| Untracked 
|  29|0x0000000705700000, 0x0000000705700000, 0x0000000705800000|  0%| F|  |TAMS 0x0000000705700000, 0x0000000705700000| Untracked 
|  30|0x0000000705800000, 0x0000000705800000, 0x0000000705900000|  0%| F|  |TAMS 0x0000000705800000, 0x0000000705800000| Untracked 
|  31|0x0000000705900000, 0x0000000705900000, 0x0000000705a00000|  0%| F|  |TAMS 0x0000000705900000, 0x0000000705900000| Untracked 
|  32|0x0000000705a00000, 0x0000000705a00000, 0x0000000705b00000|  0%| F|  |TAMS 0x0000000705a00000, 0x0000000705a00000| Untracked 
|  33|0x0000000705b00000, 0x0000000705b00000, 0x0000000705c00000|  0%| F|  |TAMS 0x0000000705b00000, 0x0000000705b00000| Untracked 
|  34|0x0000000705c00000, 0x0000000705c00000, 0x0000000705d00000|  0%| F|  |TAMS 0x0000000705c00000, 0x0000000705c00000| Untracked 
|  35|0x0000000705d00000, 0x0000000705d00000, 0x0000000705e00000|  0%| F|  |TAMS 0x0000000705d00000, 0x0000000705d00000| Untracked 
|  36|0x0000000705e00000, 0x0000000705e00000, 0x0000000705f00000|  0%| F|  |TAMS 0x0000000705e00000, 0x0000000705e00000| Untracked 
|  37|0x0000000705f00000, 0x0000000705f00000, 0x0000000706000000|  0%| F|  |TAMS 0x0000000705f00000, 0x0000000705f00000| Untracked 
|  38|0x0000000706000000, 0x0000000706000000, 0x0000000706100000|  0%| F|  |TAMS 0x0000000706000000, 0x0000000706000000| Untracked 
|  39|0x0000000706100000, 0x0000000706100000, 0x0000000706200000|  0%| F|  |TAMS 0x0000000706100000, 0x0000000706100000| Untracked 
|  40|0x0000000706200000, 0x0000000706200000, 0x0000000706300000|  0%| F|  |TAMS 0x0000000706200000, 0x0000000706200000| Untracked 
|  41|0x0000000706300000, 0x0000000706300000, 0x0000000706400000|  0%| F|  |TAMS 0x0000000706300000, 0x0000000706300000| Untracked 
|  42|0x0000000706400000, 0x0000000706400000, 0x0000000706500000|  0%| F|  |TAMS 0x0000000706400000, 0x0000000706400000| Untracked 
|  43|0x0000000706500000, 0x0000000706500000, 0x0000000706600000|  0%| F|  |TAMS 0x0000000706500000, 0x0000000706500000| Untracked 
|  44|0x0000000706600000, 0x0000000706600000, 0x0000000706700000|  0%| F|  |TAMS 0x0000000706600000, 0x0000000706600000| Untracked 
|  45|0x0000000706700000, 0x0000000706700000, 0x0000000706800000|  0%| F|  |TAMS 0x0000000706700000, 0x0000000706700000| Untracked 
|  46|0x0000000706800000, 0x0000000706800000, 0x0000000706900000|  0%| F|  |TAMS 0x0000000706800000, 0x0000000706800000| Untracked 
|  47|0x0000000706900000, 0x0000000706900000, 0x0000000706a00000|  0%| F|  |TAMS 0x0000000706900000, 0x0000000706900000| Untracked 
|  48|0x0000000706a00000, 0x0000000706a00000, 0x0000000706b00000|  0%| F|  |TAMS 0x0000000706a00000, 0x0000000706a00000| Untracked 
|  49|0x0000000706b00000, 0x0000000706b00000, 0x0000000706c00000|  0%| F|  |TAMS 0x0000000706b00000, 0x0000000706b00000| Untracked 
|  50|0x0000000706c00000, 0x0000000706c00000, 0x0000000706d00000|  0%| F|  |TAMS 0x0000000706c00000, 0x0000000706c00000| Untracked 
|  51|0x0000000706d00000, 0x0000000706d00000, 0x0000000706e00000|  0%| F|  |TAMS 0x0000000706d00000, 0x0000000706d00000| Untracked 
|  52|0x0000000706e00000, 0x0000000706e00000, 0x0000000706f00000|  0%| F|  |TAMS 0x0000000706e00000, 0x0000000706e00000| Untracked 
|  53|0x0000000706f00000, 0x0000000706f00000, 0x0000000707000000|  0%| F|  |TAMS 0x0000000706f00000, 0x0000000706f00000| Untracked 
|  54|0x0000000707000000, 0x0000000707000000, 0x0000000707100000|  0%| F|  |TAMS 0x0000000707000000, 0x0000000707000000| Untracked 
|  55|0x0000000707100000, 0x0000000707100000, 0x0000000707200000|  0%| F|  |TAMS 0x0000000707100000, 0x0000000707100000| Untracked 
|  56|0x0000000707200000, 0x0000000707200000, 0x0000000707300000|  0%| F|  |TAMS 0x0000000707200000, 0x0000000707200000| Untracked 
|  57|0x0000000707300000, 0x0000000707300000, 0x0000000707400000|  0%| F|  |TAMS 0x0000000707300000, 0x0000000707300000| Untracked 
|  58|0x0000000707400000, 0x0000000707400000, 0x0000000707500000|  0%| F|  |TAMS 0x0000000707400000, 0x0000000707400000| Untracked 
|  59|0x0000000707500000, 0x0000000707500000, 0x0000000707600000|  0%| F|  |TAMS 0x0000000707500000, 0x0000000707500000| Untracked 
|  60|0x0000000707600000, 0x0000000707600000, 0x0000000707700000|  0%| F|  |TAMS 0x0000000707600000, 0x0000000707600000| Untracked 
|  61|0x0000000707700000, 0x0000000707700000, 0x0000000707800000|  0%| F|  |TAMS 0x0000000707700000, 0x0000000707700000| Untracked 
|  62|0x0000000707800000, 0x0000000707800000, 0x0000000707900000|  0%| F|  |TAMS 0x0000000707800000, 0x0000000707800000| Untracked 
|  63|0x0000000707900000, 0x0000000707900000, 0x0000000707a00000|  0%| F|  |TAMS 0x0000000707900000, 0x0000000707900000| Untracked 
|  64|0x0000000707a00000, 0x0000000707a00000, 0x0000000707b00000|  0%| F|  |TAMS 0x0000000707a00000, 0x0000000707a00000| Untracked 
|  65|0x0000000707b00000, 0x0000000707b00000, 0x0000000707c00000|  0%| F|  |TAMS 0x0000000707b00000, 0x0000000707b00000| Untracked 
|  66|0x0000000707c00000, 0x0000000707c00000, 0x0000000707d00000|  0%| F|  |TAMS 0x0000000707c00000, 0x0000000707c00000| Untracked 
|  67|0x0000000707d00000, 0x0000000707d00000, 0x0000000707e00000|  0%| F|  |TAMS 0x0000000707d00000, 0x0000000707d00000| Untracked 
|  68|0x0000000707e00000, 0x0000000707e00000, 0x0000000707f00000|  0%| F|  |TAMS 0x0000000707e00000, 0x0000000707e00000| Untracked 
|  69|0x0000000707f00000, 0x0000000707f00000, 0x0000000708000000|  0%| F|  |TAMS 0x0000000707f00000, 0x0000000707f00000| Untracked 
|  70|0x0000000708000000, 0x0000000708000000, 0x0000000708100000|  0%| F|  |TAMS 0x0000000708000000, 0x0000000708000000| Untracked 
|  71|0x0000000708100000, 0x0000000708100000, 0x0000000708200000|  0%| F|  |TAMS 0x0000000708100000, 0x0000000708100000| Untracked 
|  72|0x0000000708200000, 0x0000000708200000, 0x0000000708300000|  0%| F|  |TAMS 0x0000000708200000, 0x0000000708200000| Untracked 
|  73|0x0000000708300000, 0x0000000708300000, 0x0000000708400000|  0%| F|  |TAMS 0x0000000708300000, 0x0000000708300000| Untracked 
|  74|0x0000000708400000, 0x0000000708400000, 0x0000000708500000|  0%| F|  |TAMS 0x0000000708400000, 0x0000000708400000| Untracked 
|  75|0x0000000708500000, 0x0000000708500000, 0x0000000708600000|  0%| F|  |TAMS 0x0000000708500000, 0x0000000708500000| Untracked 
|  76|0x0000000708600000, 0x0000000708600000, 0x0000000708700000|  0%| F|  |TAMS 0x0000000708600000, 0x0000000708600000| Untracked 
|  77|0x0000000708700000, 0x0000000708700000, 0x0000000708800000|  0%| F|  |TAMS 0x0000000708700000, 0x0000000708700000| Untracked 
|  78|0x0000000708800000, 0x0000000708800000, 0x0000000708900000|  0%| F|  |TAMS 0x0000000708800000, 0x0000000708800000| Untracked 
|  79|0x0000000708900000, 0x0000000708900000, 0x0000000708a00000|  0%| F|  |TAMS 0x0000000708900000, 0x0000000708900000| Untracked 
|  80|0x0000000708a00000, 0x0000000708a00000, 0x0000000708b00000|  0%| F|  |TAMS 0x0000000708a00000, 0x0000000708a00000| Untracked 
|  81|0x0000000708b00000, 0x0000000708b00000, 0x0000000708c00000|  0%| F|  |TAMS 0x0000000708b00000, 0x0000000708b00000| Untracked 
|  82|0x0000000708c00000, 0x0000000708c00000, 0x0000000708d00000|  0%| F|  |TAMS 0x0000000708c00000, 0x0000000708c00000| Untracked 
|  83|0x0000000708d00000, 0x0000000708d00000, 0x0000000708e00000|  0%| F|  |TAMS 0x0000000708d00000, 0x0000000708d00000| Untracked 
|  84|0x0000000708e00000, 0x0000000708e00000, 0x0000000708f00000|  0%| F|  |TAMS 0x0000000708e00000, 0x0000000708e00000| Untracked 
|  85|0x0000000708f00000, 0x0000000708f00000, 0x0000000709000000|  0%| F|  |TAMS 0x0000000708f00000, 0x0000000708f00000| Untracked 
|  86|0x0000000709000000, 0x0000000709000000, 0x0000000709100000|  0%| F|  |TAMS 0x0000000709000000, 0x0000000709000000| Untracked 
|  87|0x0000000709100000, 0x0000000709100000, 0x0000000709200000|  0%| F|  |TAMS 0x0000000709100000, 0x0000000709100000| Untracked 
|  88|0x0000000709200000, 0x0000000709200000, 0x0000000709300000|  0%| F|  |TAMS 0x0000000709200000, 0x0000000709200000| Untracked 
|  89|0x0000000709300000, 0x0000000709300000, 0x0000000709400000|  0%| F|  |TAMS 0x0000000709300000, 0x0000000709300000| Untracked 
|  90|0x0000000709400000, 0x0000000709400000, 0x0000000709500000|  0%| F|  |TAMS 0x0000000709400000, 0x0000000709400000| Untracked 
|  91|0x0000000709500000, 0x0000000709500000, 0x0000000709600000|  0%| F|  |TAMS 0x0000000709500000, 0x0000000709500000| Untracked 
|  92|0x0000000709600000, 0x0000000709600000, 0x0000000709700000|  0%| F|  |TAMS 0x0000000709600000, 0x0000000709600000| Untracked 
|  93|0x0000000709700000, 0x0000000709700000, 0x0000000709800000|  0%| F|  |TAMS 0x0000000709700000, 0x0000000709700000| Untracked 
|  94|0x0000000709800000, 0x0000000709800000, 0x0000000709900000|  0%| F|  |TAMS 0x0000000709800000, 0x0000000709800000| Untracked 
|  95|0x0000000709900000, 0x0000000709900000, 0x0000000709a00000|  0%| F|  |TAMS 0x0000000709900000, 0x0000000709900000| Untracked 
|  96|0x0000000709a00000, 0x0000000709a00000, 0x0000000709b00000|  0%| F|  |TAMS 0x0000000709a00000, 0x0000000709a00000| Untracked 
|  97|0x0000000709b00000, 0x0000000709b00000, 0x0000000709c00000|  0%| F|  |TAMS 0x0000000709b00000, 0x0000000709b00000| Untracked 
|  98|0x0000000709c00000, 0x0000000709c00000, 0x0000000709d00000|  0%| F|  |TAMS 0x0000000709c00000, 0x0000000709c00000| Untracked 
|  99|0x0000000709d00000, 0x0000000709d00000, 0x0000000709e00000|  0%| F|  |TAMS 0x0000000709d00000, 0x0000000709d00000| Untracked 
| 100|0x0000000709e00000, 0x0000000709e00000, 0x0000000709f00000|  0%| F|  |TAMS 0x0000000709e00000, 0x0000000709e00000| Untracked 
| 101|0x0000000709f00000, 0x0000000709f00000, 0x000000070a000000|  0%| F|  |TAMS 0x0000000709f00000, 0x0000000709f00000| Untracked 
| 102|0x000000070a000000, 0x000000070a000000, 0x000000070a100000|  0%| F|  |TAMS 0x000000070a000000, 0x000000070a000000| Untracked 
| 103|0x000000070a100000, 0x000000070a100000, 0x000000070a200000|  0%| F|  |TAMS 0x000000070a100000, 0x000000070a100000| Untracked 
| 104|0x000000070a200000, 0x000000070a200000, 0x000000070a300000|  0%| F|  |TAMS 0x000000070a200000, 0x000000070a200000| Untracked 
| 105|0x000000070a300000, 0x000000070a300000, 0x000000070a400000|  0%| F|  |TAMS 0x000000070a300000, 0x000000070a300000| Untracked 
| 106|0x000000070a400000, 0x000000070a400000, 0x000000070a500000|  0%| F|  |TAMS 0x000000070a400000, 0x000000070a400000| Untracked 
| 107|0x000000070a500000, 0x000000070a500000, 0x000000070a600000|  0%| F|  |TAMS 0x000000070a500000, 0x000000070a500000| Untracked 
| 108|0x000000070a600000, 0x000000070a600000, 0x000000070a700000|  0%| F|  |TAMS 0x000000070a600000, 0x000000070a600000| Untracked 
| 109|0x000000070a700000, 0x000000070a700000, 0x000000070a800000|  0%| F|  |TAMS 0x000000070a700000, 0x000000070a700000| Untracked 
| 110|0x000000070a800000, 0x000000070a800000, 0x000000070a900000|  0%| F|  |TAMS 0x000000070a800000, 0x000000070a800000| Untracked 
| 111|0x000000070a900000, 0x000000070a900000, 0x000000070aa00000|  0%| F|  |TAMS 0x000000070a900000, 0x000000070a900000| Untracked 
| 112|0x000000070aa00000, 0x000000070aa00000, 0x000000070ab00000|  0%| F|  |TAMS 0x000000070aa00000, 0x000000070aa00000| Untracked 
| 113|0x000000070ab00000, 0x000000070ab00000, 0x000000070ac00000|  0%| F|  |TAMS 0x000000070ab00000, 0x000000070ab00000| Untracked 
| 114|0x000000070ac00000, 0x000000070ac00000, 0x000000070ad00000|  0%| F|  |TAMS 0x000000070ac00000, 0x000000070ac00000| Untracked 
| 115|0x000000070ad00000, 0x000000070ad00000, 0x000000070ae00000|  0%| F|  |TAMS 0x000000070ad00000, 0x000000070ad00000| Untracked 
| 116|0x000000070ae00000, 0x000000070ae00000, 0x000000070af00000|  0%| F|  |TAMS 0x000000070ae00000, 0x000000070ae00000| Untracked 
| 117|0x000000070af00000, 0x000000070af00000, 0x000000070b000000|  0%| F|  |TAMS 0x000000070af00000, 0x000000070af00000| Untracked 
| 118|0x000000070b000000, 0x000000070b000000, 0x000000070b100000|  0%| F|  |TAMS 0x000000070b000000, 0x000000070b000000| Untracked 
| 119|0x000000070b100000, 0x000000070b100000, 0x000000070b200000|  0%| F|  |TAMS 0x000000070b100000, 0x000000070b100000| Untracked 
| 120|0x000000070b200000, 0x000000070b200000, 0x000000070b300000|  0%| F|  |TAMS 0x000000070b200000, 0x000000070b200000| Untracked 
| 121|0x000000070b300000, 0x000000070b300000, 0x000000070b400000|  0%| F|  |TAMS 0x000000070b300000, 0x000000070b300000| Untracked 
| 122|0x000000070b400000, 0x000000070b400000, 0x000000070b500000|  0%| F|  |TAMS 0x000000070b400000, 0x000000070b400000| Untracked 
| 123|0x000000070b500000, 0x000000070b500000, 0x000000070b600000|  0%| F|  |TAMS 0x000000070b500000, 0x000000070b500000| Untracked 
| 124|0x000000070b600000, 0x000000070b600000, 0x000000070b700000|  0%| F|  |TAMS 0x000000070b600000, 0x000000070b600000| Untracked 
| 125|0x000000070b700000, 0x000000070b700000, 0x000000070b800000|  0%| F|  |TAMS 0x000000070b700000, 0x000000070b700000| Untracked 
| 126|0x000000070b800000, 0x000000070b800000, 0x000000070b900000|  0%| F|  |TAMS 0x000000070b800000, 0x000000070b800000| Untracked 
| 127|0x000000070b900000, 0x000000070b900000, 0x000000070ba00000|  0%| F|  |TAMS 0x000000070b900000, 0x000000070b900000| Untracked 
| 128|0x000000070ba00000, 0x000000070ba00000, 0x000000070bb00000|  0%| F|  |TAMS 0x000000070ba00000, 0x000000070ba00000| Untracked 
| 129|0x000000070bb00000, 0x000000070bb00000, 0x000000070bc00000|  0%| F|  |TAMS 0x000000070bb00000, 0x000000070bb00000| Untracked 
| 130|0x000000070bc00000, 0x000000070bc00000, 0x000000070bd00000|  0%| F|  |TAMS 0x000000070bc00000, 0x000000070bc00000| Untracked 
| 131|0x000000070bd00000, 0x000000070bd00000, 0x000000070be00000|  0%| F|  |TAMS 0x000000070bd00000, 0x000000070bd00000| Untracked 
| 132|0x000000070be00000, 0x000000070be00000, 0x000000070bf00000|  0%| F|  |TAMS 0x000000070be00000, 0x000000070be00000| Untracked 
| 133|0x000000070bf00000, 0x000000070bf00000, 0x000000070c000000|  0%| F|  |TAMS 0x000000070bf00000, 0x000000070bf00000| Untracked 
| 134|0x000000070c000000, 0x000000070c000000, 0x000000070c100000|  0%| F|  |TAMS 0x000000070c000000, 0x000000070c000000| Untracked 
| 135|0x000000070c100000, 0x000000070c100000, 0x000000070c200000|  0%| F|  |TAMS 0x000000070c100000, 0x000000070c100000| Untracked 
| 136|0x000000070c200000, 0x000000070c200000, 0x000000070c300000|  0%| F|  |TAMS 0x000000070c200000, 0x000000070c200000| Untracked 
| 137|0x000000070c300000, 0x000000070c300000, 0x000000070c400000|  0%| F|  |TAMS 0x000000070c300000, 0x000000070c300000| Untracked 
| 138|0x000000070c400000, 0x000000070c400000, 0x000000070c500000|  0%| F|  |TAMS 0x000000070c400000, 0x000000070c400000| Untracked 
| 139|0x000000070c500000, 0x000000070c500000, 0x000000070c600000|  0%| F|  |TAMS 0x000000070c500000, 0x000000070c500000| Untracked 
| 140|0x000000070c600000, 0x000000070c600000, 0x000000070c700000|  0%| F|  |TAMS 0x000000070c600000, 0x000000070c600000| Untracked 
| 141|0x000000070c700000, 0x000000070c700000, 0x000000070c800000|  0%| F|  |TAMS 0x000000070c700000, 0x000000070c700000| Untracked 
| 142|0x000000070c800000, 0x000000070c800000, 0x000000070c900000|  0%| F|  |TAMS 0x000000070c800000, 0x000000070c800000| Untracked 
| 143|0x000000070c900000, 0x000000070c900000, 0x000000070ca00000|  0%| F|  |TAMS 0x000000070c900000, 0x000000070c900000| Untracked 
| 144|0x000000070ca00000, 0x000000070ca00000, 0x000000070cb00000|  0%| F|  |TAMS 0x000000070ca00000, 0x000000070ca00000| Untracked 
| 145|0x000000070cb00000, 0x000000070cb00000, 0x000000070cc00000|  0%| F|  |TAMS 0x000000070cb00000, 0x000000070cb00000| Untracked 
| 146|0x000000070cc00000, 0x000000070cc00000, 0x000000070cd00000|  0%| F|  |TAMS 0x000000070cc00000, 0x000000070cc00000| Untracked 
| 147|0x000000070cd00000, 0x000000070cd00000, 0x000000070ce00000|  0%| F|  |TAMS 0x000000070cd00000, 0x000000070cd00000| Untracked 
| 148|0x000000070ce00000, 0x000000070ce00000, 0x000000070cf00000|  0%| F|  |TAMS 0x000000070ce00000, 0x000000070ce00000| Untracked 
| 149|0x000000070cf00000, 0x000000070cf00000, 0x000000070d000000|  0%| F|  |TAMS 0x000000070cf00000, 0x000000070cf00000| Untracked 
| 150|0x000000070d000000, 0x000000070d000000, 0x000000070d100000|  0%| F|  |TAMS 0x000000070d000000, 0x000000070d000000| Untracked 
| 151|0x000000070d100000, 0x000000070d100000, 0x000000070d200000|  0%| F|  |TAMS 0x000000070d100000, 0x000000070d100000| Untracked 
| 152|0x000000070d200000, 0x000000070d200000, 0x000000070d300000|  0%| F|  |TAMS 0x000000070d200000, 0x000000070d200000| Untracked 
| 153|0x000000070d300000, 0x000000070d300000, 0x000000070d400000|  0%| F|  |TAMS 0x000000070d300000, 0x000000070d300000| Untracked 
| 154|0x000000070d400000, 0x000000070d400000, 0x000000070d500000|  0%| F|  |TAMS 0x000000070d400000, 0x000000070d400000| Untracked 
| 155|0x000000070d500000, 0x000000070d500000, 0x000000070d600000|  0%| F|  |TAMS 0x000000070d500000, 0x000000070d500000| Untracked 
| 156|0x000000070d600000, 0x000000070d600000, 0x000000070d700000|  0%| F|  |TAMS 0x000000070d600000, 0x000000070d600000| Untracked 
| 157|0x000000070d700000, 0x000000070d700000, 0x000000070d800000|  0%| F|  |TAMS 0x000000070d700000, 0x000000070d700000| Untracked 
| 158|0x000000070d800000, 0x000000070d800000, 0x000000070d900000|  0%| F|  |TAMS 0x000000070d800000, 0x000000070d800000| Untracked 
| 159|0x000000070d900000, 0x000000070d900000, 0x000000070da00000|  0%| F|  |TAMS 0x000000070d900000, 0x000000070d900000| Untracked 
| 160|0x000000070da00000, 0x000000070da00000, 0x000000070db00000|  0%| F|  |TAMS 0x000000070da00000, 0x000000070da00000| Untracked 
| 161|0x000000070db00000, 0x000000070db00000, 0x000000070dc00000|  0%| F|  |TAMS 0x000000070db00000, 0x000000070db00000| Untracked 
| 162|0x000000070dc00000, 0x000000070dc00000, 0x000000070dd00000|  0%| F|  |TAMS 0x000000070dc00000, 0x000000070dc00000| Untracked 
| 163|0x000000070dd00000, 0x000000070dd00000, 0x000000070de00000|  0%| F|  |TAMS 0x000000070dd00000, 0x000000070dd00000| Untracked 
| 164|0x000000070de00000, 0x000000070de00000, 0x000000070df00000|  0%| F|  |TAMS 0x000000070de00000, 0x000000070de00000| Untracked 
| 165|0x000000070df00000, 0x000000070df00000, 0x000000070e000000|  0%| F|  |TAMS 0x000000070df00000, 0x000000070df00000| Untracked 
| 166|0x000000070e000000, 0x000000070e000000, 0x000000070e100000|  0%| F|  |TAMS 0x000000070e000000, 0x000000070e000000| Untracked 
| 167|0x000000070e100000, 0x000000070e100000, 0x000000070e200000|  0%| F|  |TAMS 0x000000070e100000, 0x000000070e100000| Untracked 
| 168|0x000000070e200000, 0x000000070e200000, 0x000000070e300000|  0%| F|  |TAMS 0x000000070e200000, 0x000000070e200000| Untracked 
| 169|0x000000070e300000, 0x000000070e300000, 0x000000070e400000|  0%| F|  |TAMS 0x000000070e300000, 0x000000070e300000| Untracked 
| 170|0x000000070e400000, 0x000000070e400000, 0x000000070e500000|  0%| F|  |TAMS 0x000000070e400000, 0x000000070e400000| Untracked 
| 171|0x000000070e500000, 0x000000070e500000, 0x000000070e600000|  0%| F|  |TAMS 0x000000070e500000, 0x000000070e500000| Untracked 
| 172|0x000000070e600000, 0x000000070e600000, 0x000000070e700000|  0%| F|  |TAMS 0x000000070e600000, 0x000000070e600000| Untracked 
| 173|0x000000070e700000, 0x000000070e700000, 0x000000070e800000|  0%| F|  |TAMS 0x000000070e700000, 0x000000070e700000| Untracked 
| 174|0x000000070e800000, 0x000000070e800000, 0x000000070e900000|  0%| F|  |TAMS 0x000000070e800000, 0x000000070e800000| Untracked 
| 175|0x000000070e900000, 0x000000070e900000, 0x000000070ea00000|  0%| F|  |TAMS 0x000000070e900000, 0x000000070e900000| Untracked 
| 176|0x000000070ea00000, 0x000000070ea00000, 0x000000070eb00000|  0%| F|  |TAMS 0x000000070ea00000, 0x000000070ea00000| Untracked 
| 177|0x000000070eb00000, 0x000000070eb00000, 0x000000070ec00000|  0%| F|  |TAMS 0x000000070eb00000, 0x000000070eb00000| Untracked 
| 178|0x000000070ec00000, 0x000000070ec00000, 0x000000070ed00000|  0%| F|  |TAMS 0x000000070ec00000, 0x000000070ec00000| Untracked 
| 179|0x000000070ed00000, 0x000000070ed00000, 0x000000070ee00000|  0%| F|  |TAMS 0x000000070ed00000, 0x000000070ed00000| Untracked 
| 180|0x000000070ee00000, 0x000000070ee00000, 0x000000070ef00000|  0%| F|  |TAMS 0x000000070ee00000, 0x000000070ee00000| Untracked 
| 181|0x000000070ef00000, 0x000000070ef00000, 0x000000070f000000|  0%| F|  |TAMS 0x000000070ef00000, 0x000000070ef00000| Untracked 
| 182|0x000000070f000000, 0x000000070f000000, 0x000000070f100000|  0%| F|  |TAMS 0x000000070f000000, 0x000000070f000000| Untracked 
| 183|0x000000070f100000, 0x000000070f100000, 0x000000070f200000|  0%| F|  |TAMS 0x000000070f100000, 0x000000070f100000| Untracked 
| 184|0x000000070f200000, 0x000000070f200000, 0x000000070f300000|  0%| F|  |TAMS 0x000000070f200000, 0x000000070f200000| Untracked 
| 185|0x000000070f300000, 0x000000070f300000, 0x000000070f400000|  0%| F|  |TAMS 0x000000070f300000, 0x000000070f300000| Untracked 
| 186|0x000000070f400000, 0x000000070f400000, 0x000000070f500000|  0%| F|  |TAMS 0x000000070f400000, 0x000000070f400000| Untracked 
| 187|0x000000070f500000, 0x000000070f500000, 0x000000070f600000|  0%| F|  |TAMS 0x000000070f500000, 0x000000070f500000| Untracked 
| 188|0x000000070f600000, 0x000000070f600000, 0x000000070f700000|  0%| F|  |TAMS 0x000000070f600000, 0x000000070f600000| Untracked 
| 189|0x000000070f700000, 0x000000070f700000, 0x000000070f800000|  0%| F|  |TAMS 0x000000070f700000, 0x000000070f700000| Untracked 
| 190|0x000000070f800000, 0x000000070f800000, 0x000000070f900000|  0%| F|  |TAMS 0x000000070f800000, 0x000000070f800000| Untracked 
| 191|0x000000070f900000, 0x000000070f900000, 0x000000070fa00000|  0%| F|  |TAMS 0x000000070f900000, 0x000000070f900000| Untracked 
| 192|0x000000070fa00000, 0x000000070fa00000, 0x000000070fb00000|  0%| F|  |TAMS 0x000000070fa00000, 0x000000070fa00000| Untracked 
| 193|0x000000070fb00000, 0x000000070fb00000, 0x000000070fc00000|  0%| F|  |TAMS 0x000000070fb00000, 0x000000070fb00000| Untracked 
| 194|0x000000070fc00000, 0x000000070fc00000, 0x000000070fd00000|  0%| F|  |TAMS 0x000000070fc00000, 0x000000070fc00000| Untracked 
| 195|0x000000070fd00000, 0x000000070fd00000, 0x000000070fe00000|  0%| F|  |TAMS 0x000000070fd00000, 0x000000070fd00000| Untracked 
| 196|0x000000070fe00000, 0x000000070fe00000, 0x000000070ff00000|  0%| F|  |TAMS 0x000000070fe00000, 0x000000070fe00000| Untracked 
| 197|0x000000070ff00000, 0x000000070ff00000, 0x0000000710000000|  0%| F|  |TAMS 0x000000070ff00000, 0x000000070ff00000| Untracked 
| 198|0x0000000710000000, 0x0000000710000000, 0x0000000710100000|  0%| F|  |TAMS 0x0000000710000000, 0x0000000710000000| Untracked 
| 199|0x0000000710100000, 0x0000000710100000, 0x0000000710200000|  0%| F|  |TAMS 0x0000000710100000, 0x0000000710100000| Untracked 
| 200|0x0000000710200000, 0x0000000710200000, 0x0000000710300000|  0%| F|  |TAMS 0x0000000710200000, 0x0000000710200000| Untracked 
| 201|0x0000000710300000, 0x0000000710380800, 0x0000000710400000| 50%| E|  |TAMS 0x0000000710300000, 0x0000000710300000| Complete 
| 202|0x0000000710400000, 0x0000000710500000, 0x0000000710500000|100%| E|CS|TAMS 0x0000000710400000, 0x0000000710400000| Complete 
| 203|0x0000000710500000, 0x0000000710600000, 0x0000000710600000|100%| E|CS|TAMS 0x0000000710500000, 0x0000000710500000| Complete 
| 204|0x0000000710600000, 0x0000000710700000, 0x0000000710700000|100%| E|CS|TAMS 0x0000000710600000, 0x0000000710600000| Complete 
| 205|0x0000000710700000, 0x0000000710800000, 0x0000000710800000|100%| E|CS|TAMS 0x0000000710700000, 0x0000000710700000| Complete 
| 206|0x0000000710800000, 0x0000000710900000, 0x0000000710900000|100%| E|CS|TAMS 0x0000000710800000, 0x0000000710800000| Complete 
| 207|0x0000000710900000, 0x0000000710a00000, 0x0000000710a00000|100%| E|CS|TAMS 0x0000000710900000, 0x0000000710900000| Complete 
| 208|0x0000000710a00000, 0x0000000710b00000, 0x0000000710b00000|100%| E|CS|TAMS 0x0000000710a00000, 0x0000000710a00000| Complete 
| 209|0x0000000710b00000, 0x0000000710c00000, 0x0000000710c00000|100%| E|CS|TAMS 0x0000000710b00000, 0x0000000710b00000| Complete 
| 210|0x0000000710c00000, 0x0000000710d00000, 0x0000000710d00000|100%| E|CS|TAMS 0x0000000710c00000, 0x0000000710c00000| Complete 
| 211|0x0000000710d00000, 0x0000000710e00000, 0x0000000710e00000|100%| E|CS|TAMS 0x0000000710d00000, 0x0000000710d00000| Complete 
| 212|0x0000000710e00000, 0x0000000710f00000, 0x0000000710f00000|100%| E|CS|TAMS 0x0000000710e00000, 0x0000000710e00000| Complete 
| 213|0x0000000710f00000, 0x0000000711000000, 0x0000000711000000|100%| E|CS|TAMS 0x0000000710f00000, 0x0000000710f00000| Complete 
| 214|0x0000000711000000, 0x0000000711100000, 0x0000000711100000|100%| E|CS|TAMS 0x0000000711000000, 0x0000000711000000| Complete 
| 215|0x0000000711100000, 0x0000000711200000, 0x0000000711200000|100%| E|CS|TAMS 0x0000000711100000, 0x0000000711100000| Complete 
| 216|0x0000000711200000, 0x0000000711300000, 0x0000000711300000|100%| E|CS|TAMS 0x0000000711200000, 0x0000000711200000| Complete 
| 217|0x0000000711300000, 0x0000000711400000, 0x0000000711400000|100%| E|CS|TAMS 0x0000000711300000, 0x0000000711300000| Complete 
| 218|0x0000000711400000, 0x0000000711500000, 0x0000000711500000|100%| E|CS|TAMS 0x0000000711400000, 0x0000000711400000| Complete 
| 219|0x0000000711500000, 0x0000000711600000, 0x0000000711600000|100%| E|CS|TAMS 0x0000000711500000, 0x0000000711500000| Complete 
| 220|0x0000000711600000, 0x0000000711700000, 0x0000000711700000|100%| E|CS|TAMS 0x0000000711600000, 0x0000000711600000| Complete 
| 221|0x0000000711700000, 0x0000000711800000, 0x0000000711800000|100%| E|CS|TAMS 0x0000000711700000, 0x0000000711700000| Complete 
| 222|0x0000000711800000, 0x0000000711900000, 0x0000000711900000|100%| E|CS|TAMS 0x0000000711800000, 0x0000000711800000| Complete 
| 223|0x0000000711900000, 0x0000000711a00000, 0x0000000711a00000|100%| E|CS|TAMS 0x0000000711900000, 0x0000000711900000| Complete 
| 224|0x0000000711a00000, 0x0000000711b00000, 0x0000000711b00000|100%| E|CS|TAMS 0x0000000711a00000, 0x0000000711a00000| Complete 
| 225|0x0000000711b00000, 0x0000000711c00000, 0x0000000711c00000|100%| E|CS|TAMS 0x0000000711b00000, 0x0000000711b00000| Complete 
| 226|0x0000000711c00000, 0x0000000711d00000, 0x0000000711d00000|100%| E|CS|TAMS 0x0000000711c00000, 0x0000000711c00000| Complete 
| 227|0x0000000711d00000, 0x0000000711e00000, 0x0000000711e00000|100%| S|CS|TAMS 0x0000000711d00000, 0x0000000711d00000| Complete 
| 228|0x0000000711e00000, 0x0000000711f00000, 0x0000000711f00000|100%| S|CS|TAMS 0x0000000711e00000, 0x0000000711e00000| Complete 
| 229|0x0000000711f00000, 0x0000000712000000, 0x0000000712000000|100%| S|CS|TAMS 0x0000000711f00000, 0x0000000711f00000| Complete 
| 230|0x0000000712000000, 0x0000000712100000, 0x0000000712100000|100%| E|CS|TAMS 0x0000000712000000, 0x0000000712000000| Complete 
| 231|0x0000000712100000, 0x0000000712200000, 0x0000000712200000|100%| E|CS|TAMS 0x0000000712100000, 0x0000000712100000| Complete 
| 232|0x0000000712200000, 0x0000000712300000, 0x0000000712300000|100%| E|CS|TAMS 0x0000000712200000, 0x0000000712200000| Complete 
| 233|0x0000000712300000, 0x0000000712400000, 0x0000000712400000|100%| E|CS|TAMS 0x0000000712300000, 0x0000000712300000| Complete 
| 234|0x0000000712400000, 0x0000000712500000, 0x0000000712500000|100%| E|CS|TAMS 0x0000000712400000, 0x0000000712400000| Complete 
| 235|0x0000000712500000, 0x0000000712600000, 0x0000000712600000|100%| E|CS|TAMS 0x0000000712500000, 0x0000000712500000| Complete 
| 236|0x0000000712600000, 0x0000000712700000, 0x0000000712700000|100%| E|CS|TAMS 0x0000000712600000, 0x0000000712600000| Complete 
| 237|0x0000000712700000, 0x0000000712800000, 0x0000000712800000|100%| E|CS|TAMS 0x0000000712700000, 0x0000000712700000| Complete 
| 238|0x0000000712800000, 0x0000000712900000, 0x0000000712900000|100%| E|CS|TAMS 0x0000000712800000, 0x0000000712800000| Complete 
| 239|0x0000000712900000, 0x0000000712a00000, 0x0000000712a00000|100%| E|CS|TAMS 0x0000000712900000, 0x0000000712900000| Complete 
| 240|0x0000000712a00000, 0x0000000712b00000, 0x0000000712b00000|100%| E|CS|TAMS 0x0000000712a00000, 0x0000000712a00000| Complete 
| 241|0x0000000712b00000, 0x0000000712c00000, 0x0000000712c00000|100%| E|CS|TAMS 0x0000000712b00000, 0x0000000712b00000| Complete 
| 242|0x0000000712c00000, 0x0000000712d00000, 0x0000000712d00000|100%| E|CS|TAMS 0x0000000712c00000, 0x0000000712c00000| Complete 
| 243|0x0000000712d00000, 0x0000000712e00000, 0x0000000712e00000|100%| E|CS|TAMS 0x0000000712d00000, 0x0000000712d00000| Complete 
| 244|0x0000000712e00000, 0x0000000712f00000, 0x0000000712f00000|100%| E|CS|TAMS 0x0000000712e00000, 0x0000000712e00000| Complete 
| 245|0x0000000712f00000, 0x0000000713000000, 0x0000000713000000|100%| E|CS|TAMS 0x0000000712f00000, 0x0000000712f00000| Complete 
| 246|0x0000000713000000, 0x0000000713100000, 0x0000000713100000|100%| E|CS|TAMS 0x0000000713000000, 0x0000000713000000| Complete 
| 247|0x0000000713100000, 0x0000000713200000, 0x0000000713200000|100%| E|CS|TAMS 0x0000000713100000, 0x0000000713100000| Complete 
| 248|0x0000000713200000, 0x0000000713300000, 0x0000000713300000|100%| E|CS|TAMS 0x0000000713200000, 0x0000000713200000| Complete 
| 249|0x0000000713300000, 0x0000000713400000, 0x0000000713400000|100%| E|CS|TAMS 0x0000000713300000, 0x0000000713300000| Complete 
| 250|0x0000000713400000, 0x0000000713500000, 0x0000000713500000|100%| E|CS|TAMS 0x0000000713400000, 0x0000000713400000| Complete 
| 251|0x0000000713500000, 0x0000000713600000, 0x0000000713600000|100%| E|CS|TAMS 0x0000000713500000, 0x0000000713500000| Complete 
| 252|0x0000000713600000, 0x0000000713700000, 0x0000000713700000|100%| E|CS|TAMS 0x0000000713600000, 0x0000000713600000| Complete 
| 253|0x0000000713700000, 0x0000000713800000, 0x0000000713800000|100%| E|CS|TAMS 0x0000000713700000, 0x0000000713700000| Complete 

Card table byte_map: [0x0000021229020000,0x0000021229810000] _byte_map_base: 0x0000021225803000

Marking Bits (Prev, Next): (CMBitMap*) 0x0000021210e4db68, (CMBitMap*) 0x0000021210e4dba0
 Prev Bits: [0x000002122a000000, 0x000002122df18000)
 Next Bits: [0x000002122df20000, 0x0000021231e38000)

Polling page: 0x000002120ed00000

Metaspace:

Usage:
  Non-class:     16.58 MB capacity,    16.35 MB ( 99%) used,   196.30 KB (  1%) free+waste,    32.06 KB ( <1%) overhead. 
      Class:      1.87 MB capacity,     1.78 MB ( 95%) used,    80.70 KB (  4%) free+waste,    13.88 KB ( <1%) overhead. 
       Both:     18.45 MB capacity,    18.13 MB ( 98%) used,   276.99 KB (  1%) free+waste,    45.94 KB ( <1%) overhead. 

Virtual space:
  Non-class space:       18.00 MB reserved,      16.75 MB ( 93%) committed 
      Class space:        1.00 GB reserved,       1.88 MB ( <1%) committed 
             Both:        1.02 GB reserved,      18.63 MB (  2%) committed 

Chunk freelists:
   Non-Class:  2.00 KB
       Class:  0 bytes
        Both:  2.00 KB

MaxMetaspaceSize: 17179869184.00 GB
CompressedClassSpaceSize: 1.00 GB
Initial GC threshold: 20.80 MB
Current GC threshold: 20.80 MB
CDS: off

CodeHeap 'non-profiled nmethods': size=120000Kb used=805Kb max_used=805Kb free=119194Kb
 bounds [0x0000021220fd0000, 0x0000021221240000, 0x0000021228500000]
CodeHeap 'profiled nmethods': size=120000Kb used=4490Kb max_used=4490Kb free=115509Kb
 bounds [0x0000021219aa0000, 0x0000021219f10000, 0x0000021220fd0000]
CodeHeap 'non-nmethods': size=5760Kb used=1188Kb max_used=1214Kb free=4571Kb
 bounds [0x0000021219500000, 0x0000021219770000, 0x0000021219aa0000]
 total_blobs=2645 nmethods=2209 adapters=348
 compilation: enabled
              stopped_count=0, restarted_count=0
 full_count=0

Compilation events (20 events):
Event: 1.332 Thread 0x00000212352f4000 nmethod 2182 0x0000021219eef110 code [0x0000021219eef2e0, 0x0000021219eef4c8]
Event: 1.334 Thread 0x00000212352f4000 2183       2       com.sun.xml.bind.v2.runtime.unmarshaller.ProxyLoader::startElement (19 bytes)
Event: 1.334 Thread 0x00000212352f4000 nmethod 2183 0x0000021219eef610 code [0x0000021219eef7e0, 0x0000021219eefa98]
Event: 1.334 Thread 0x00000212352f4000 2190       2       java.lang.Long::valueOf (40 bytes)
Event: 1.334 Thread 0x00000212352f4000 nmethod 2190 0x0000021219eefc10 code [0x0000021219eefdc0, 0x0000021219eeff78]
Event: 1.334 Thread 0x00000212352f4000 2185       2       com.sun.xml.bind.v2.model.impl.RuntimeBuiltinLeafInfoImpl$19::parse (6 bytes)
Event: 1.335 Thread 0x00000212352f4000 nmethod 2185 0x0000021219ef0090 code [0x0000021219ef0280, 0x0000021219ef0408]
Event: 1.335 Thread 0x00000212352f4000 2186       2       com.sun.xml.bind.v2.model.impl.RuntimeBuiltinLeafInfoImpl$19::parse (8 bytes)
Event: 1.335 Thread 0x00000212352f4000 nmethod 2186 0x0000021219ef0590 code [0x0000021219ef0780, 0x0000021219ef0908]
Event: 1.335 Thread 0x00000212352f4000 2188       2       com.sun.xml.bind.DatatypeConverterImpl::removeOptionalPlus (73 bytes)
Event: 1.335 Thread 0x00000212352f4000 nmethod 2188 0x0000021219ef0a10 code [0x0000021219ef0c00, 0x0000021219ef0ea8]
Event: 1.335 Thread 0x00000212352f4000 2187       2       com.sun.xml.bind.DatatypeConverterImpl::_parseLong (16 bytes)
Event: 1.335 Thread 0x00000212352f4000 nmethod 2187 0x0000021219ef1010 code [0x0000021219ef11e0, 0x0000021219ef1338]
Event: 1.335 Thread 0x00000212352f4000 2189       2       java.lang.Long::parseLong (7 bytes)
Event: 1.336 Thread 0x00000212352f4000 nmethod 2189 0x0000021219ef1410 code [0x0000021219ef15c0, 0x0000021219ef16a8]
Event: 1.336 Thread 0x00000212352f4000 2184       2       com.sun.xml.bind.v2.runtime.unmarshaller.XsiNilLoader::selectLoader (100 bytes)
Event: 1.336 Thread 0x00000212352f4000 nmethod 2184 0x0000021219ef1790 code [0x0000021219ef19a0, 0x0000021219ef1d28]
Event: 1.336 Thread 0x00000212352f4000 2191   !   2       jdk.internal.reflect.GeneratedConstructorAccessor16::newInstance (49 bytes)
Event: 1.337 Thread 0x00000212352f4000 nmethod 2191 0x0000021219ef1f10 code [0x0000021219ef2120, 0x0000021219ef25b8]
Event: 1.346 Thread 0x00000212352f4000 2193       2       com.sun.xml.bind.v2.runtime.unmarshaller.Scope::reset (50 bytes)

GC Heap History (2 events):
Event: 0.705 GC heap before
{Heap before GC invocations=0 (full 0):
 garbage-first heap   total 260096K, used 24576K [0x0000000703a00000, 0x0000000800000000)
  region size 1024K, 24 young (24576K), 0 survivors (0K)
 Metaspace       used 13454K, capacity 13668K, committed 13696K, reserved 1060864K
  class space    used 1319K, capacity 1394K, committed 1408K, reserved 1048576K
}
Event: 0.708 GC heap after
{Heap after GC invocations=1 (full 0):
 garbage-first heap   total 260096K, used 3628K [0x0000000703a00000, 0x0000000800000000)
  region size 1024K, 3 young (3072K), 3 survivors (3072K)
 Metaspace       used 13454K, capacity 13668K, committed 13696K, reserved 1060864K
  class space    used 1319K, capacity 1394K, committed 1408K, reserved 1048576K
}

Deoptimization events (20 events):
Event: 1.184 Thread 0x0000021210ded800 Uncommon trap: trap_request=0xffffff4d fr.pc=0x0000021220ffb0d0 relative=0x00000000000001b0
Event: 1.184 Thread 0x0000021210ded800 Uncommon trap: reason=unstable_if action=reinterpret pc=0x0000021220ffb0d0 method=java.lang.String.equals(Ljava/lang/Object;)Z @ 34 c2
Event: 1.184 Thread 0x0000021210ded800 DEOPT PACKING pc=0x0000021220ffb0d0 sp=0x00000053dd5fdbb0
Event: 1.184 Thread 0x0000021210ded800 DEOPT UNPACKING pc=0x00000212195085af sp=0x00000053dd5fdb48 mode 2
Event: 1.194 Thread 0x0000021210ded800 DEOPT PACKING pc=0x0000021219d79620 sp=0x00000053dd5fdfd0
Event: 1.194 Thread 0x0000021210ded800 DEOPT UNPACKING pc=0x0000021219549d0e sp=0x00000053dd5fd510 mode 0
Event: 1.204 Thread 0x0000021210ded800 DEOPT PACKING pc=0x0000021219d79620 sp=0x00000053dd5fdfd0
Event: 1.204 Thread 0x0000021210ded800 DEOPT UNPACKING pc=0x0000021219549d0e sp=0x00000053dd5fd510 mode 0
Event: 1.210 Thread 0x0000021210ded800 DEOPT PACKING pc=0x0000021219d79620 sp=0x00000053dd5fdfd0
Event: 1.210 Thread 0x0000021210ded800 DEOPT UNPACKING pc=0x0000021219549d0e sp=0x00000053dd5fd510 mode 0
Event: 1.304 Thread 0x0000021210ded800 Uncommon trap: trap_request=0xffffff4d fr.pc=0x00000212210816a8 relative=0x00000000000004c8
Event: 1.304 Thread 0x0000021210ded800 Uncommon trap: reason=unstable_if action=reinterpret pc=0x00000212210816a8 method=com.sun.org.apache.xerces.internal.impl.XMLEntityScanner.scanContent(Lcom/sun/org/apache/xerces/internal/xni/XMLString;)I @ 103 c2
Event: 1.304 Thread 0x0000021210ded800 DEOPT PACKING pc=0x00000212210816a8 sp=0x00000053dd5fe1f0
Event: 1.304 Thread 0x0000021210ded800 DEOPT UNPACKING pc=0x00000212195085af sp=0x00000053dd5fe1b0 mode 2
Event: 1.319 Thread 0x0000021210ded800 DEOPT PACKING pc=0x0000021219ee4a74 sp=0x00000053dd5fe1e0
Event: 1.319 Thread 0x0000021210ded800 DEOPT UNPACKING pc=0x0000021219549d0e sp=0x00000053dd5fd6a0 mode 0
Event: 1.332 Thread 0x0000021210ded800 DEOPT PACKING pc=0x0000021219ee4a74 sp=0x00000053dd5fe1e0
Event: 1.332 Thread 0x0000021210ded800 DEOPT UNPACKING pc=0x0000021219549d0e sp=0x00000053dd5fd6a0 mode 0
Event: 1.340 Thread 0x0000021210ded800 DEOPT PACKING pc=0x0000021219ee4a74 sp=0x00000053dd5fe1e0
Event: 1.340 Thread 0x0000021210ded800 DEOPT UNPACKING pc=0x0000021219549d0e sp=0x00000053dd5fd6a0 mode 0

Classes redefined (0 events):
No events

Internal exceptions (20 events):
Event: 0.988 Thread 0x0000021210ded800 Exception <a 'sun/nio/fs/WindowsException'{0x0000000712ed1850}> (0x0000000712ed1850) thrown at [./src/hotspot/share/prims/jni.cpp, line 616]
Event: 0.988 Thread 0x0000021210ded800 Exception <a 'sun/nio/fs/WindowsException'{0x0000000712ed2340}> (0x0000000712ed2340) thrown at [./src/hotspot/share/prims/jni.cpp, line 616]
Event: 0.988 Thread 0x0000021210ded800 Exception <a 'sun/nio/fs/WindowsException'{0x0000000712ed26f0}> (0x0000000712ed26f0) thrown at [./src/hotspot/share/prims/jni.cpp, line 616]
Event: 0.988 Thread 0x0000021210ded800 Exception <a 'sun/nio/fs/WindowsException'{0x0000000712ed2f70}> (0x0000000712ed2f70) thrown at [./src/hotspot/share/prims/jni.cpp, line 616]
Event: 0.988 Thread 0x0000021210ded800 Exception <a 'sun/nio/fs/WindowsException'{0x0000000712ed36e8}> (0x0000000712ed36e8) thrown at [./src/hotspot/share/prims/jni.cpp, line 616]
Event: 0.989 Thread 0x0000021210ded800 Exception <a 'sun/nio/fs/WindowsException'{0x0000000712ed3c58}> (0x0000000712ed3c58) thrown at [./src/hotspot/share/prims/jni.cpp, line 616]
Event: 0.989 Thread 0x0000021210ded800 Exception <a 'sun/nio/fs/WindowsException'{0x0000000712ed43f8}> (0x0000000712ed43f8) thrown at [./src/hotspot/share/prims/jni.cpp, line 616]
Event: 0.989 Thread 0x0000021210ded800 Exception <a 'sun/nio/fs/WindowsException'{0x0000000712ed5028}> (0x0000000712ed5028) thrown at [./src/hotspot/share/prims/jni.cpp, line 616]
Event: 0.989 Thread 0x0000021210ded800 Exception <a 'sun/nio/fs/WindowsException'{0x0000000712ed53d0}> (0x0000000712ed53d0) thrown at [./src/hotspot/share/prims/jni.cpp, line 616]
Event: 0.989 Thread 0x0000021210ded800 Exception <a 'sun/nio/fs/WindowsException'{0x0000000712ed5c48}> (0x0000000712ed5c48) thrown at [./src/hotspot/share/prims/jni.cpp, line 616]
Event: 0.989 Thread 0x0000021210ded800 Exception <a 'sun/nio/fs/WindowsException'{0x0000000712ed6388}> (0x0000000712ed6388) thrown at [./src/hotspot/share/prims/jni.cpp, line 616]
Event: 0.989 Thread 0x0000021210ded800 Exception <a 'sun/nio/fs/WindowsException'{0x0000000712ed68f0}> (0x0000000712ed68f0) thrown at [./src/hotspot/share/prims/jni.cpp, line 616]
Event: 0.989 Thread 0x0000021210ded800 Exception <a 'sun/nio/fs/WindowsException'{0x0000000712ed7068}> (0x0000000712ed7068) thrown at [./src/hotspot/share/prims/jni.cpp, line 616]
Event: 0.989 Thread 0x0000021210ded800 Exception <a 'sun/nio/fs/WindowsException'{0x0000000712ed7a38}> (0x0000000712ed7a38) thrown at [./src/hotspot/share/prims/jni.cpp, line 616]
Event: 0.989 Thread 0x0000021210ded800 Exception <a 'sun/nio/fs/WindowsException'{0x0000000712ed7df0}> (0x0000000712ed7df0) thrown at [./src/hotspot/share/prims/jni.cpp, line 616]
Event: 1.008 Thread 0x0000021210ded800 Exception <a 'java/lang/NoSuchMethodError'{0x0000000712d5e990}: 'int java.lang.invoke.DirectMethodHandle$Holder.invokeSpecialIFC(java.lang.Object, java.lang.Object, int)'> (0x0000000712d5e990) thrown at [./src/hotspot/share/interpreter/linkResolver.cpp, line 773]
Event: 1.038 Thread 0x0000021210ded800 Exception <a 'sun/nio/fs/WindowsException'{0x0000000712cd4da0}> (0x0000000712cd4da0) thrown at [./src/hotspot/share/prims/jni.cpp, line 616]
Event: 1.038 Thread 0x0000021210ded800 Exception <a 'java/lang/NoSuchMethodError'{0x0000000712cd5a38}: 'int java.lang.invoke.DirectMethodHandle$Holder.invokeInterface(java.lang.Object, java.lang.Object)'> (0x0000000712cd5a38) thrown at [./src/hotspot/share/interpreter/linkResolver.cpp, line 773]
Event: 1.039 Thread 0x0000021210ded800 Exception <a 'java/lang/NoSuchMethodError'{0x0000000712cdf1a8}: 'void java.lang.invoke.DirectMethodHandle$Holder.invokeStatic(java.lang.Object, int, java.lang.Object)'> (0x0000000712cdf1a8) thrown at [./src/hotspot/share/interpreter/linkResolver.cpp, line 773]
Event: 1.043 Thread 0x0000021210ded800 Exception <a 'java/lang/NoSuchMethodError'{0x0000000712cf0cf8}: 'java.lang.Object java.lang.invoke.Invokers$Holder.linkToTargetMethod(java.lang.Object, java.lang.Object, java.lang.Object, java.lang.Object, java.lang.Object, java.lang.Object)'> (0x0000000712cf0cf8) thrown at [./src/hotspot/share/interpreter/linkResolver.cpp, line 773]

Events (20 events):
Event: 1.129 loading class com/android/tools/analytics/Environment$Companion
Event: 1.129 loading class com/android/tools/analytics/Environment$Companion done
Event: 1.129 loading class com/android/tools/analytics/Environment$Companion$SYSTEM$1
Event: 1.129 loading class com/android/tools/analytics/Environment$Companion$SYSTEM$1 done
Event: 1.129 loading class com/android/tools/analytics/Environment$SystemProperty
Event: 1.129 loading class com/android/tools/analytics/Environment$SystemProperty done
Event: 1.130 loading class com/google/wireless/android/sdk/stats/ProductDetails$CpuArchitecture
Event: 1.130 loading class com/google/wireless/android/sdk/stats/ProductDetails$CpuArchitecture done
Event: 1.130 loading class com/google/protobuf/ProtocolMessageEnum
Event: 1.130 loading class com/google/protobuf/ProtocolMessageEnum done
Event: 1.131 loading class com/google/protobuf/Internal$EnumLite
Event: 1.131 loading class com/google/protobuf/Internal$EnumLite done
Event: 1.131 loading class com/google/protobuf/Internal$EnumLiteMap
Event: 1.131 loading class com/google/protobuf/Internal$EnumLiteMap done
Event: 1.131 loading class com/google/wireless/android/sdk/stats/ProductDetails$CpuArchitecture$1
Event: 1.131 loading class com/google/wireless/android/sdk/stats/ProductDetails$CpuArchitecture$1 done
Event: 1.132 loading class com/android/repository/impl/meta/Archive$1
Event: 1.132 loading class com/android/repository/impl/meta/Archive$1 done
Event: 1.260 Executing VM operation: ICBufferFull
Event: 1.261 Executing VM operation: ICBufferFull done


Dynamic libraries:
0x00007ff6fae80000 - 0x00007ff6fae8d000 	E:\2-2023\GDVLPMT\un\2022.3.5f1\Editor\Data\PlaybackEngines\AndroidPlayer\OpenJDK\bin\java.exe
0x00007ff9d90b0000 - 0x00007ff9d92a8000 	C:\WINDOWS\SYSTEM32\ntdll.dll
0x00007ff9d8890000 - 0x00007ff9d8951000 	C:\WINDOWS\System32\KERNEL32.DLL
0x00007ff9d6ce0000 - 0x00007ff9d6fdd000 	C:\WINDOWS\System32\KERNELBASE.dll
0x00007ff9d6fe0000 - 0x00007ff9d70e0000 	C:\WINDOWS\System32\ucrtbase.dll
0x00007ff9bc0c0000 - 0x00007ff9bc0d5000 	E:\2-2023\GDVLPMT\un\2022.3.5f1\Editor\Data\PlaybackEngines\AndroidPlayer\OpenJDK\bin\VCRUNTIME140.dll
0x00007ff9bc920000 - 0x00007ff9bc937000 	E:\2-2023\GDVLPMT\un\2022.3.5f1\Editor\Data\PlaybackEngines\AndroidPlayer\OpenJDK\bin\jli.dll
0x00007ff9d7720000 - 0x00007ff9d78bd000 	C:\WINDOWS\System32\USER32.dll
0x00007ff9d6aa0000 - 0x00007ff9d6ac2000 	C:\WINDOWS\System32\win32u.dll
0x00007ff9d8240000 - 0x00007ff9d826b000 	C:\WINDOWS\System32\GDI32.dll
0x00007ff9d6ad0000 - 0x00007ff9d6be7000 	C:\WINDOWS\System32\gdi32full.dll
0x00007ff9d6bf0000 - 0x00007ff9d6c8d000 	C:\WINDOWS\System32\msvcp_win.dll
0x00007ff9b9e80000 - 0x00007ff9ba11a000 	C:\WINDOWS\WinSxS\amd64_microsoft.windows.common-controls_6595b64144ccf1df_6.0.19041.4355_none_60b8b9eb71f62e16\COMCTL32.dll
0x00007ff9d8640000 - 0x00007ff9d86de000 	C:\WINDOWS\System32\msvcrt.dll
0x00007ff9d79b0000 - 0x00007ff9d79df000 	C:\WINDOWS\System32\IMM32.DLL
0x000000006ddf0000 - 0x000000006ddfc000 	C:\Program Files (x86)\360\Total Security\safemon\SafeWrapper.dll
0x00007ff9d8960000 - 0x00007ff9d8a10000 	C:\WINDOWS\System32\ADVAPI32.dll
0x00007ff9d7620000 - 0x00007ff9d76c0000 	C:\WINDOWS\System32\sechost.dll
0x00007ff9d8e70000 - 0x00007ff9d8f93000 	C:\WINDOWS\System32\RPCRT4.dll
0x00007ff9d6930000 - 0x00007ff9d6957000 	C:\WINDOWS\System32\bcrypt.dll
0x00007ff98d860000 - 0x00007ff98d8f2000 	C:\Program Files (x86)\360\Total Security\safemon\libzdtp64.dll
0x00007ff9d7ad0000 - 0x00007ff9d823f000 	C:\WINDOWS\System32\SHELL32.dll
0x00007ff9d8d70000 - 0x00007ff9d8dc5000 	C:\WINDOWS\System32\SHLWAPI.dll
0x00007ff9d6260000 - 0x00007ff9d626a000 	C:\WINDOWS\SYSTEM32\VERSION.dll
0x00007ff96a6c0000 - 0x00007ff96a75b000 	E:\2-2023\GDVLPMT\un\2022.3.5f1\Editor\Data\PlaybackEngines\AndroidPlayer\OpenJDK\bin\msvcp140.dll
0x00007ff91a8c0000 - 0x00007ff91b441000 	E:\2-2023\GDVLPMT\un\2022.3.5f1\Editor\Data\PlaybackEngines\AndroidPlayer\OpenJDK\bin\server\jvm.dll
0x00007ff9d8dd0000 - 0x00007ff9d8dd8000 	C:\WINDOWS\System32\PSAPI.DLL
0x00007ff9becc0000 - 0x00007ff9becc9000 	C:\WINDOWS\SYSTEM32\WSOCK32.dll
0x00007ff9cc470000 - 0x00007ff9cc497000 	C:\WINDOWS\SYSTEM32\WINMM.dll
0x00007ff9d8270000 - 0x00007ff9d82db000 	C:\WINDOWS\System32\WS2_32.dll
0x00007ff9d4ec0000 - 0x00007ff9d4ed2000 	C:\WINDOWS\SYSTEM32\kernel.appcore.dll
0x00007ff9a96c0000 - 0x00007ff9a96d0000 	E:\2-2023\GDVLPMT\un\2022.3.5f1\Editor\Data\PlaybackEngines\AndroidPlayer\OpenJDK\bin\verify.dll
0x00007ff9d4bb0000 - 0x00007ff9d4d94000 	C:\WINDOWS\SYSTEM32\DBGHELP.DLL
0x00007ff9bdb20000 - 0x00007ff9bdb54000 	C:\WINDOWS\SYSTEM32\dbgcore.DLL
0x00007ff9d6a10000 - 0x00007ff9d6a92000 	C:\WINDOWS\System32\bcryptPrimitives.dll
0x00007ff9a3920000 - 0x00007ff9a3948000 	E:\2-2023\GDVLPMT\un\2022.3.5f1\Editor\Data\PlaybackEngines\AndroidPlayer\OpenJDK\bin\java.dll
0x00007ff9a8ee0000 - 0x00007ff9a8eea000 	E:\2-2023\GDVLPMT\un\2022.3.5f1\Editor\Data\PlaybackEngines\AndroidPlayer\OpenJDK\bin\jimage.dll
0x00007ff9a3900000 - 0x00007ff9a3918000 	E:\2-2023\GDVLPMT\un\2022.3.5f1\Editor\Data\PlaybackEngines\AndroidPlayer\OpenJDK\bin\zip.dll
0x00007ff9d4410000 - 0x00007ff9d4baf000 	C:\WINDOWS\SYSTEM32\windows.storage.dll
0x00007ff9d82e0000 - 0x00007ff9d8633000 	C:\WINDOWS\System32\combase.dll
0x00007ff9d5f60000 - 0x00007ff9d5f8e000 	C:\WINDOWS\SYSTEM32\Wldp.dll
0x00007ff9d8fa0000 - 0x00007ff9d906d000 	C:\WINDOWS\System32\OLEAUT32.dll
0x00007ff9d8a70000 - 0x00007ff9d8b1d000 	C:\WINDOWS\System32\SHCORE.dll
0x00007ff9d6690000 - 0x00007ff9d66b4000 	C:\WINDOWS\SYSTEM32\profapi.dll
0x00007ff991f90000 - 0x00007ff991fa9000 	E:\2-2023\GDVLPMT\un\2022.3.5f1\Editor\Data\PlaybackEngines\AndroidPlayer\OpenJDK\bin\net.dll
0x00007ff9cf6f0000 - 0x00007ff9cf7fd000 	C:\WINDOWS\SYSTEM32\WINHTTP.dll
0x00007ff9d5d40000 - 0x00007ff9d5daa000 	C:\WINDOWS\system32\mswsock.dll
0x00007ff96ee50000 - 0x00007ff96ee63000 	E:\2-2023\GDVLPMT\un\2022.3.5f1\Editor\Data\PlaybackEngines\AndroidPlayer\OpenJDK\bin\nio.dll

dbghelp: loaded successfully - version: 4.0.5 - missing functions: none
symbol engine: initialized successfully - sym options: 0x614 - pdb path: .;E:\2-2023\GDVLPMT\un\2022.3.5f1\Editor\Data\PlaybackEngines\AndroidPlayer\OpenJDK\bin;C:\WINDOWS\SYSTEM32;C:\WINDOWS\WinSxS\amd64_microsoft.windows.common-controls_6595b64144ccf1df_6.0.19041.4355_none_60b8b9eb71f62e16;C:\Program Files (x86)\360\Total Security\safemon;E:\2-2023\GDVLPMT\un\2022.3.5f1\Editor\Data\PlaybackEngines\AndroidPlayer\OpenJDK\bin\server

VM Arguments:
jvm_args: -Dfile.encoding=UTF-8 -Dcom.android.sdklib.toolsdir=E:\2-2023\GDVLPMT\un\2022.3.5f1\Editor\Data\PlaybackEngines\AndroidPlayer\SDK\cmdline-tools\6.0\bin\\.. 
java_command: com.android.sdklib.tool.sdkmanager.SdkManagerCli --list
java_class_path (initial): E:\2-2023\GDVLPMT\un\2022.3.5f1\Editor\Data\PlaybackEngines\AndroidPlayer\SDK\cmdline-tools\6.0\bin\..\lib\sdkmanager-classpath.jar
Launcher Type: SUN_STANDARD

[Global flags]
     intx CICompilerCount                          = 4                                         {product} {ergonomic}
     uint ConcGCThreads                            = 2                                         {product} {ergonomic}
     uint G1ConcRefinementThreads                  = 8                                         {product} {ergonomic}
   size_t G1HeapRegionSize                         = 1048576                                   {product} {ergonomic}
    uintx GCDrainStackTargetSize                   = 64                                        {product} {ergonomic}
   size_t InitialHeapSize                          = 266338304                                 {product} {ergonomic}
   size_t MarkStackSize                            = 4194304                                   {product} {ergonomic}
   size_t MaxHeapSize                              = 4234149888                                {product} {ergonomic}
   size_t MaxNewSize                               = 2539651072                                {product} {ergonomic}
   size_t MinHeapDeltaBytes                        = 1048576                                   {product} {ergonomic}
    uintx NonNMethodCodeHeapSize                   = 5836300                                {pd product} {ergonomic}
    uintx NonProfiledCodeHeapSize                  = 122910970                              {pd product} {ergonomic}
    uintx ProfiledCodeHeapSize                     = 122910970                              {pd product} {ergonomic}
    uintx ReservedCodeCacheSize                    = 251658240                              {pd product} {ergonomic}
     bool SegmentedCodeCache                       = true                                      {product} {ergonomic}
     bool UseCompressedClassPointers               = true                                 {lp64_product} {ergonomic}
     bool UseCompressedOops                        = true                                 {lp64_product} {ergonomic}
     bool UseG1GC                                  = true                                      {product} {ergonomic}
     bool UseLargePagesIndividualAllocation        = false                                  {pd product} {ergonomic}

Logging:
Log output configuration:
 #0: stdout all=warning uptime,level,tags
 #1: stderr all=off uptime,level,tags

Environment Variables:
JAVA_HOME=E:\2-2023\GDVLPMT\un\2022.3.5f1\Editor\Data\PlaybackEngines\AndroidPlayer\OpenJDK
JAVA_TOOL_OPTIONS=-Dfile.encoding=UTF-8
CLASSPATH=E:\2-2023\GDVLPMT\un\2022.3.5f1\Editor\Data\PlaybackEngines\AndroidPlayer\SDK\cmdline-tools\6.0\bin\..\lib\sdkmanager-classpath.jar
PATH=E:\ORACLE\app\oracle\product\11.2.0\server\bin;C:\Program Files (x86)\Common Files\Oracle\Java\javapath;C:\Program Files\dotnet;D:\;D:\Documentos\;E:\2-2023\BDIII\cassandra\apache-cassandra-3.11.13\bin;E:\2-2023\MVLII\Flutter\flutter\bin;C:\Windows\System32;C:\Program Files\PuTTY\;C:\Users\Usuario\AppData\Local\Programs\Python\Python312;C:\Users\Usuario\AppData\Local\Programs\Python\Python312\Scripts;C:\Windows\System32\WindowsPowerShell\v1.0;C:\Users\Usuario\AppData\Local\Programs\Python\Python312\Scripts\;C:\Users\Usuario\AppData\Local\Programs\Python\Python312\;C:\Program Files\MySQL\MySQL Shell 8.0\bin\;C:\Users\Usuario\AppData\Local\Microsoft\WindowsApps;C:\Users\Usuario\.dotnet\tools;C:\Program Files\Azure Data Studio\bin;C:\Users\Usuario\AppData\Roaming\npm;C:\Users\Usuario\AppData\Local\Programs\Microsoft VS Code\bin;C:\Program Files\Java\jdk-11\bin;D:\Documentos\node_modules\npm\bin;D:\Documentos\node_modules;D:\Git\bin;E:\2-2023\BDIII\cassandra\apache-cassandra-3.11.13\bin;C:\Windows\System32\WindowsPowerShell\v1.0;
USERNAME=Usuario
OS=Windows_NT
PROCESSOR_IDENTIFIER=Intel64 Family 6 Model 126 Stepping 5, GenuineIntel



---------------  S Y S T E M  ---------------

OS: Windows 10 , 64 bit Build 19041 (10.0.19041.4717)
OS uptime: 5 days 0:39 hours
Hyper-V role detected

CPU:total 8 (initial active 8) (4 cores per cpu, 2 threads per core) family 6 model 126 stepping 5 microcode 0xc2, cmov, cx8, fxsr, mmx, sse, sse2, sse3, ssse3, sse4.1, sse4.2, popcnt, avx, avx2, aes, clmul, erms, 3dnowpref, lzcnt, ht, tsc, tscinvbit, bmi1, bmi2, adx, evex, sha, fma

Memory: 4k page, system-wide physical 16151M (818M free)
TotalPageFile size 26326M (AvailPageFile size 5M)
current process WorkingSet (physical memory assigned to process): 136M, peak: 136M
current process commit charge ("private bytes"): 377M, peak: 377M

vm_info: OpenJDK 64-Bit Server VM (11.0.14.1+1) for windows-amd64 JRE (11.0.14.1+1), built on Feb  9 2022 01:48:27 by "" with unknown MS VC++:1916

END.
