#
# There is insufficient memory for the Java Runtime Environment to continue.
# Native memory allocation (malloc) failed to allocate 345936 bytes for Chunk::new
# Possible reasons:
#   The system is out of physical RAM or swap space
#   The process is running with CompressedOops enabled, and the Java Heap may be blocking the growth of the native heap
# Possible solutions:
#   Reduce memory load on the system
#   Increase physical memory or swap space
#   Check if swap backing store is full
#   Decrease Java heap size (-Xmx/-Xms)
#   Decrease number of Java threads
#   Decrease Java thread stack sizes (-Xss)
#   Set larger code cache with -XX:ReservedCodeCacheSize=
#   JVM is running with Zero Based Compressed Oops mode in which the Java heap is
#     placed in the first 32GB address space. The Java Heap base address is the
#     maximum limit for the native heap growth. Please use -XX:HeapBaseMinAddress
#     to set the Java Heap base and to place the Java Heap above 32GB virtual address.
# This output file may be truncated or incomplete.
#
#  Out of Memory Error (./src/hotspot/share/memory/arena.cpp:197), pid=20028, tid=27960
#
# JRE version: OpenJDK Runtime Environment Temurin-11.0.14.1+1 (11.0.14.1+1) (build 11.0.14.1+1)
# Java VM: OpenJDK 64-Bit Server VM Temurin-11.0.14.1+1 (11.0.14.1+1, mixed mode, tiered, compressed oops, g1 gc, windows-amd64)
# No core dump will be written. Minidumps are not enabled by default on client versions of Windows
#

---------------  S U M M A R Y ------------

Command Line: -Dfile.encoding=UTF-8 -Dcom.android.sdklib.toolsdir=E:\2-2023\GDVLPMT\un\2022.3.5f1\Editor\Data\PlaybackEngines\AndroidPlayer\SDK\cmdline-tools\6.0\bin\\.. com.android.sdklib.tool.sdkmanager.SdkManagerCli --list

Host: Intel(R) Core(TM) i7-1065G7 CPU @ 1.30GHz, 8 cores, 15G,  Windows 10 , 64 bit Build 19041 (10.0.19041.4717)
Time: Sat Sep 14 20:24:55 2024 Hora estándar oeste, Sudamérica elapsed time: 0.451734 seconds (0d 0h 0m 0s)

---------------  T H R E A D  ---------------

Current thread (0x000001835f9f5000):  JavaThread "C2 CompilerThread0" daemon [_thread_in_native, id=27960, stack(0x000000825b600000,0x000000825b700000)]


Current CompileTask:
C2:    451  730  s!   4       jdk.internal.loader.URLClassPath::getLoader (194 bytes)

Stack: [0x000000825b600000,0x000000825b700000]
Native frames: (J=compiled Java code, j=interpreted, Vv=VM code, C=native code)
V  [jvm.dll+0x61e59a]
V  [jvm.dll+0x7aaca9]
V  [jvm.dll+0x7ac398]
V  [jvm.dll+0x7aca73]
V  [jvm.dll+0x24f9b8]
V  [jvm.dll+0xc260c]
V  [jvm.dll+0xc2bcc]
V  [jvm.dll+0x359a07]
V  [jvm.dll+0x325b93]
V  [jvm.dll+0x324eca]
V  [jvm.dll+0x208c05]
V  [jvm.dll+0x207ded]
V  [jvm.dll+0x18a2c1]
V  [jvm.dll+0x217734]
V  [jvm.dll+0x21597b]
V  [jvm.dll+0x76d7c0]
V  [jvm.dll+0x766724]
V  [jvm.dll+0x61d3f6]
C  [ucrtbase.dll+0x21bb2]
C  [KERNEL32.DLL+0x17374]
C  [ntdll.dll+0x4cc91]


---------------  P R O C E S S  ---------------

Threads class SMR info:
_java_thread_list=0x000001835fa9da70, length=11, elements={
0x000001833ad37800, 0x000001835f98d800, 0x000001835f98e000, 0x000001835f9ee000,
0x000001835f9f1800, 0x000001835f9f3800, 0x000001835f9f5000, 0x000001835f9f8000,
0x000001835f9f9800, 0x000001835fb87000, 0x000001835fb9b800
}

Java Threads: ( => current thread )
  0x000001833ad37800 JavaThread "main" [_thread_in_vm, id=22040, stack(0x000000825aa00000,0x000000825ab00000)]
  0x000001835f98d800 JavaThread "Reference Handler" daemon [_thread_blocked, id=34252, stack(0x000000825b100000,0x000000825b200000)]
  0x000001835f98e000 JavaThread "Finalizer" daemon [_thread_blocked, id=2720, stack(0x000000825b200000,0x000000825b300000)]
  0x000001835f9ee000 JavaThread "Signal Dispatcher" daemon [_thread_blocked, id=18772, stack(0x000000825b300000,0x000000825b400000)]
  0x000001835f9f1800 JavaThread "Attach Listener" daemon [_thread_blocked, id=38988, stack(0x000000825b400000,0x000000825b500000)]
  0x000001835f9f3800 JavaThread "Service Thread" daemon [_thread_blocked, id=29756, stack(0x000000825b500000,0x000000825b600000)]
=>0x000001835f9f5000 JavaThread "C2 CompilerThread0" daemon [_thread_in_native, id=27960, stack(0x000000825b600000,0x000000825b700000)]
  0x000001835f9f8000 JavaThread "C1 CompilerThread0" daemon [_thread_in_native, id=16668, stack(0x000000825b700000,0x000000825b800000)]
  0x000001835f9f9800 JavaThread "Sweeper thread" daemon [_thread_blocked, id=25844, stack(0x000000825b800000,0x000000825b900000)]
  0x000001835fb87000 JavaThread "Common-Cleaner" daemon [_thread_blocked, id=17832, stack(0x000000825ba00000,0x000000825bb00000)]
  0x000001835fb9b800 JavaThread "C2 CompilerThread1" daemon [_thread_in_native, id=14852, stack(0x000000825bb00000,0x000000825bc00000)]

Other Threads:
  0x000001835f96b000 VMThread "VM Thread" [stack: 0x000000825b000000,0x000000825b100000] [id=26808]
  0x000001835fb6d800 WatcherThread [stack: 0x000000825b900000,0x000000825ba00000] [id=38716]
  0x000001833ad4f000 GCTaskThread "GC Thread#0" [stack: 0x000000825ab00000,0x000000825ac00000] [id=13396]
  0x000001833adaa800 ConcurrentGCThread "G1 Main Marker" [stack: 0x000000825ac00000,0x000000825ad00000] [id=36140]
  0x000001833adac800 ConcurrentGCThread "G1 Conc#0" [stack: 0x000000825ad00000,0x000000825ae00000] [id=11464]
  0x000001835eda7800 ConcurrentGCThread "G1 Refine#0" [stack: 0x000000825ae00000,0x000000825af00000] [id=12608]
  0x000001835eda8800 ConcurrentGCThread "G1 Young RemSet Sampling" [stack: 0x000000825af00000,0x000000825b000000] [id=21508]

Threads with active compile tasks:
C2 CompilerThread0    507  730  s!   4       jdk.internal.loader.URLClassPath::getLoader (194 bytes)
C1 CompilerThread0    507  784       3       java.lang.reflect.ProxyGenerator$ConstantPool$ValueEntry::write (190 bytes)
C2 CompilerThread1    507  783       4       java.util.HashMap::getNode (148 bytes)

VM state:not at safepoint (normal execution)

VM Mutex/Monitor currently owned by a thread: None

Heap address: 0x0000000703a00000, size: 4038 MB, Compressed Oops mode: Zero based, Oop shift amount: 3
Narrow klass base: 0x0000000800000000, Narrow klass shift: 0
Compressed class space size: 1073741824 Address: 0x0000000800000000

Heap:
 garbage-first heap   total 260096K, used 18432K [0x0000000703a00000, 0x0000000800000000)
  region size 1024K, 19 young (19456K), 0 survivors (0K)
 Metaspace       used 12473K, capacity 12638K, committed 12800K, reserved 1060864K
  class space    used 1187K, capacity 1251K, committed 1280K, reserved 1048576K
Heap Regions: E=young(eden), S=young(survivor), O=old, HS=humongous(starts), HC=humongous(continues), CS=collection set, F=free, A=archive, TAMS=top-at-mark-start (previous, next)
|   0|0x0000000703a00000, 0x0000000703b00000, 0x0000000703b00000|100%|HS|  |TAMS 0x0000000703a00000, 0x0000000703a00000| Complete 
|   1|0x0000000703b00000, 0x0000000703b00000, 0x0000000703c00000|  0%| F|  |TAMS 0x0000000703b00000, 0x0000000703b00000| Untracked 
|   2|0x0000000703c00000, 0x0000000703c00000, 0x0000000703d00000|  0%| F|  |TAMS 0x0000000703c00000, 0x0000000703c00000| Untracked 
|   3|0x0000000703d00000, 0x0000000703d00000, 0x0000000703e00000|  0%| F|  |TAMS 0x0000000703d00000, 0x0000000703d00000| Untracked 
|   4|0x0000000703e00000, 0x0000000703e00000, 0x0000000703f00000|  0%| F|  |TAMS 0x0000000703e00000, 0x0000000703e00000| Untracked 
|   5|0x0000000703f00000, 0x0000000703f00000, 0x0000000704000000|  0%| F|  |TAMS 0x0000000703f00000, 0x0000000703f00000| Untracked 
|   6|0x0000000704000000, 0x0000000704000000, 0x0000000704100000|  0%| F|  |TAMS 0x0000000704000000, 0x0000000704000000| Untracked 
|   7|0x0000000704100000, 0x0000000704100000, 0x0000000704200000|  0%| F|  |TAMS 0x0000000704100000, 0x0000000704100000| Untracked 
|   8|0x0000000704200000, 0x0000000704200000, 0x0000000704300000|  0%| F|  |TAMS 0x0000000704200000, 0x0000000704200000| Untracked 
|   9|0x0000000704300000, 0x0000000704300000, 0x0000000704400000|  0%| F|  |TAMS 0x0000000704300000, 0x0000000704300000| Untracked 
|  10|0x0000000704400000, 0x0000000704400000, 0x0000000704500000|  0%| F|  |TAMS 0x0000000704400000, 0x0000000704400000| Untracked 
|  11|0x0000000704500000, 0x0000000704500000, 0x0000000704600000|  0%| F|  |TAMS 0x0000000704500000, 0x0000000704500000| Untracked 
|  12|0x0000000704600000, 0x0000000704600000, 0x0000000704700000|  0%| F|  |TAMS 0x0000000704600000, 0x0000000704600000| Untracked 
|  13|0x0000000704700000, 0x0000000704700000, 0x0000000704800000|  0%| F|  |TAMS 0x0000000704700000, 0x0000000704700000| Untracked 
|  14|0x0000000704800000, 0x0000000704800000, 0x0000000704900000|  0%| F|  |TAMS 0x0000000704800000, 0x0000000704800000| Untracked 
|  15|0x0000000704900000, 0x0000000704900000, 0x0000000704a00000|  0%| F|  |TAMS 0x0000000704900000, 0x0000000704900000| Untracked 
|  16|0x0000000704a00000, 0x0000000704a00000, 0x0000000704b00000|  0%| F|  |TAMS 0x0000000704a00000, 0x0000000704a00000| Untracked 
|  17|0x0000000704b00000, 0x0000000704b00000, 0x0000000704c00000|  0%| F|  |TAMS 0x0000000704b00000, 0x0000000704b00000| Untracked 
|  18|0x0000000704c00000, 0x0000000704c00000, 0x0000000704d00000|  0%| F|  |TAMS 0x0000000704c00000, 0x0000000704c00000| Untracked 
|  19|0x0000000704d00000, 0x0000000704d00000, 0x0000000704e00000|  0%| F|  |TAMS 0x0000000704d00000, 0x0000000704d00000| Untracked 
|  20|0x0000000704e00000, 0x0000000704e00000, 0x0000000704f00000|  0%| F|  |TAMS 0x0000000704e00000, 0x0000000704e00000| Untracked 
|  21|0x0000000704f00000, 0x0000000704f00000, 0x0000000705000000|  0%| F|  |TAMS 0x0000000704f00000, 0x0000000704f00000| Untracked 
|  22|0x0000000705000000, 0x0000000705000000, 0x0000000705100000|  0%| F|  |TAMS 0x0000000705000000, 0x0000000705000000| Untracked 
|  23|0x0000000705100000, 0x0000000705100000, 0x0000000705200000|  0%| F|  |TAMS 0x0000000705100000, 0x0000000705100000| Untracked 
|  24|0x0000000705200000, 0x0000000705200000, 0x0000000705300000|  0%| F|  |TAMS 0x0000000705200000, 0x0000000705200000| Untracked 
|  25|0x0000000705300000, 0x0000000705300000, 0x0000000705400000|  0%| F|  |TAMS 0x0000000705300000, 0x0000000705300000| Untracked 
|  26|0x0000000705400000, 0x0000000705400000, 0x0000000705500000|  0%| F|  |TAMS 0x0000000705400000, 0x0000000705400000| Untracked 
|  27|0x0000000705500000, 0x0000000705500000, 0x0000000705600000|  0%| F|  |TAMS 0x0000000705500000, 0x0000000705500000| Untracked 
|  28|0x0000000705600000, 0x0000000705600000, 0x0000000705700000|  0%| F|  |TAMS 0x0000000705600000, 0x0000000705600000| Untracked 
|  29|0x0000000705700000, 0x0000000705700000, 0x0000000705800000|  0%| F|  |TAMS 0x0000000705700000, 0x0000000705700000| Untracked 
|  30|0x0000000705800000, 0x0000000705800000, 0x0000000705900000|  0%| F|  |TAMS 0x0000000705800000, 0x0000000705800000| Untracked 
|  31|0x0000000705900000, 0x0000000705900000, 0x0000000705a00000|  0%| F|  |TAMS 0x0000000705900000, 0x0000000705900000| Untracked 
|  32|0x0000000705a00000, 0x0000000705a00000, 0x0000000705b00000|  0%| F|  |TAMS 0x0000000705a00000, 0x0000000705a00000| Untracked 
|  33|0x0000000705b00000, 0x0000000705b00000, 0x0000000705c00000|  0%| F|  |TAMS 0x0000000705b00000, 0x0000000705b00000| Untracked 
|  34|0x0000000705c00000, 0x0000000705c00000, 0x0000000705d00000|  0%| F|  |TAMS 0x0000000705c00000, 0x0000000705c00000| Untracked 
|  35|0x0000000705d00000, 0x0000000705d00000, 0x0000000705e00000|  0%| F|  |TAMS 0x0000000705d00000, 0x0000000705d00000| Untracked 
|  36|0x0000000705e00000, 0x0000000705e00000, 0x0000000705f00000|  0%| F|  |TAMS 0x0000000705e00000, 0x0000000705e00000| Untracked 
|  37|0x0000000705f00000, 0x0000000705f00000, 0x0000000706000000|  0%| F|  |TAMS 0x0000000705f00000, 0x0000000705f00000| Untracked 
|  38|0x0000000706000000, 0x0000000706000000, 0x0000000706100000|  0%| F|  |TAMS 0x0000000706000000, 0x0000000706000000| Untracked 
|  39|0x0000000706100000, 0x0000000706100000, 0x0000000706200000|  0%| F|  |TAMS 0x0000000706100000, 0x0000000706100000| Untracked 
|  40|0x0000000706200000, 0x0000000706200000, 0x0000000706300000|  0%| F|  |TAMS 0x0000000706200000, 0x0000000706200000| Untracked 
|  41|0x0000000706300000, 0x0000000706300000, 0x0000000706400000|  0%| F|  |TAMS 0x0000000706300000, 0x0000000706300000| Untracked 
|  42|0x0000000706400000, 0x0000000706400000, 0x0000000706500000|  0%| F|  |TAMS 0x0000000706400000, 0x0000000706400000| Untracked 
|  43|0x0000000706500000, 0x0000000706500000, 0x0000000706600000|  0%| F|  |TAMS 0x0000000706500000, 0x0000000706500000| Untracked 
|  44|0x0000000706600000, 0x0000000706600000, 0x0000000706700000|  0%| F|  |TAMS 0x0000000706600000, 0x0000000706600000| Untracked 
|  45|0x0000000706700000, 0x0000000706700000, 0x0000000706800000|  0%| F|  |TAMS 0x0000000706700000, 0x0000000706700000| Untracked 
|  46|0x0000000706800000, 0x0000000706800000, 0x0000000706900000|  0%| F|  |TAMS 0x0000000706800000, 0x0000000706800000| Untracked 
|  47|0x0000000706900000, 0x0000000706900000, 0x0000000706a00000|  0%| F|  |TAMS 0x0000000706900000, 0x0000000706900000| Untracked 
|  48|0x0000000706a00000, 0x0000000706a00000, 0x0000000706b00000|  0%| F|  |TAMS 0x0000000706a00000, 0x0000000706a00000| Untracked 
|  49|0x0000000706b00000, 0x0000000706b00000, 0x0000000706c00000|  0%| F|  |TAMS 0x0000000706b00000, 0x0000000706b00000| Untracked 
|  50|0x0000000706c00000, 0x0000000706c00000, 0x0000000706d00000|  0%| F|  |TAMS 0x0000000706c00000, 0x0000000706c00000| Untracked 
|  51|0x0000000706d00000, 0x0000000706d00000, 0x0000000706e00000|  0%| F|  |TAMS 0x0000000706d00000, 0x0000000706d00000| Untracked 
|  52|0x0000000706e00000, 0x0000000706e00000, 0x0000000706f00000|  0%| F|  |TAMS 0x0000000706e00000, 0x0000000706e00000| Untracked 
|  53|0x0000000706f00000, 0x0000000706f00000, 0x0000000707000000|  0%| F|  |TAMS 0x0000000706f00000, 0x0000000706f00000| Untracked 
|  54|0x0000000707000000, 0x0000000707000000, 0x0000000707100000|  0%| F|  |TAMS 0x0000000707000000, 0x0000000707000000| Untracked 
|  55|0x0000000707100000, 0x0000000707100000, 0x0000000707200000|  0%| F|  |TAMS 0x0000000707100000, 0x0000000707100000| Untracked 
|  56|0x0000000707200000, 0x0000000707200000, 0x0000000707300000|  0%| F|  |TAMS 0x0000000707200000, 0x0000000707200000| Untracked 
|  57|0x0000000707300000, 0x0000000707300000, 0x0000000707400000|  0%| F|  |TAMS 0x0000000707300000, 0x0000000707300000| Untracked 
|  58|0x0000000707400000, 0x0000000707400000, 0x0000000707500000|  0%| F|  |TAMS 0x0000000707400000, 0x0000000707400000| Untracked 
|  59|0x0000000707500000, 0x0000000707500000, 0x0000000707600000|  0%| F|  |TAMS 0x0000000707500000, 0x0000000707500000| Untracked 
|  60|0x0000000707600000, 0x0000000707600000, 0x0000000707700000|  0%| F|  |TAMS 0x0000000707600000, 0x0000000707600000| Untracked 
|  61|0x0000000707700000, 0x0000000707700000, 0x0000000707800000|  0%| F|  |TAMS 0x0000000707700000, 0x0000000707700000| Untracked 
|  62|0x0000000707800000, 0x0000000707800000, 0x0000000707900000|  0%| F|  |TAMS 0x0000000707800000, 0x0000000707800000| Untracked 
|  63|0x0000000707900000, 0x0000000707900000, 0x0000000707a00000|  0%| F|  |TAMS 0x0000000707900000, 0x0000000707900000| Untracked 
|  64|0x0000000707a00000, 0x0000000707a00000, 0x0000000707b00000|  0%| F|  |TAMS 0x0000000707a00000, 0x0000000707a00000| Untracked 
|  65|0x0000000707b00000, 0x0000000707b00000, 0x0000000707c00000|  0%| F|  |TAMS 0x0000000707b00000, 0x0000000707b00000| Untracked 
|  66|0x0000000707c00000, 0x0000000707c00000, 0x0000000707d00000|  0%| F|  |TAMS 0x0000000707c00000, 0x0000000707c00000| Untracked 
|  67|0x0000000707d00000, 0x0000000707d00000, 0x0000000707e00000|  0%| F|  |TAMS 0x0000000707d00000, 0x0000000707d00000| Untracked 
|  68|0x0000000707e00000, 0x0000000707e00000, 0x0000000707f00000|  0%| F|  |TAMS 0x0000000707e00000, 0x0000000707e00000| Untracked 
|  69|0x0000000707f00000, 0x0000000707f00000, 0x0000000708000000|  0%| F|  |TAMS 0x0000000707f00000, 0x0000000707f00000| Untracked 
|  70|0x0000000708000000, 0x0000000708000000, 0x0000000708100000|  0%| F|  |TAMS 0x0000000708000000, 0x0000000708000000| Untracked 
|  71|0x0000000708100000, 0x0000000708100000, 0x0000000708200000|  0%| F|  |TAMS 0x0000000708100000, 0x0000000708100000| Untracked 
|  72|0x0000000708200000, 0x0000000708200000, 0x0000000708300000|  0%| F|  |TAMS 0x0000000708200000, 0x0000000708200000| Untracked 
|  73|0x0000000708300000, 0x0000000708300000, 0x0000000708400000|  0%| F|  |TAMS 0x0000000708300000, 0x0000000708300000| Untracked 
|  74|0x0000000708400000, 0x0000000708400000, 0x0000000708500000|  0%| F|  |TAMS 0x0000000708400000, 0x0000000708400000| Untracked 
|  75|0x0000000708500000, 0x0000000708500000, 0x0000000708600000|  0%| F|  |TAMS 0x0000000708500000, 0x0000000708500000| Untracked 
|  76|0x0000000708600000, 0x0000000708600000, 0x0000000708700000|  0%| F|  |TAMS 0x0000000708600000, 0x0000000708600000| Untracked 
|  77|0x0000000708700000, 0x0000000708700000, 0x0000000708800000|  0%| F|  |TAMS 0x0000000708700000, 0x0000000708700000| Untracked 
|  78|0x0000000708800000, 0x0000000708800000, 0x0000000708900000|  0%| F|  |TAMS 0x0000000708800000, 0x0000000708800000| Untracked 
|  79|0x0000000708900000, 0x0000000708900000, 0x0000000708a00000|  0%| F|  |TAMS 0x0000000708900000, 0x0000000708900000| Untracked 
|  80|0x0000000708a00000, 0x0000000708a00000, 0x0000000708b00000|  0%| F|  |TAMS 0x0000000708a00000, 0x0000000708a00000| Untracked 
|  81|0x0000000708b00000, 0x0000000708b00000, 0x0000000708c00000|  0%| F|  |TAMS 0x0000000708b00000, 0x0000000708b00000| Untracked 
|  82|0x0000000708c00000, 0x0000000708c00000, 0x0000000708d00000|  0%| F|  |TAMS 0x0000000708c00000, 0x0000000708c00000| Untracked 
|  83|0x0000000708d00000, 0x0000000708d00000, 0x0000000708e00000|  0%| F|  |TAMS 0x0000000708d00000, 0x0000000708d00000| Untracked 
|  84|0x0000000708e00000, 0x0000000708e00000, 0x0000000708f00000|  0%| F|  |TAMS 0x0000000708e00000, 0x0000000708e00000| Untracked 
|  85|0x0000000708f00000, 0x0000000708f00000, 0x0000000709000000|  0%| F|  |TAMS 0x0000000708f00000, 0x0000000708f00000| Untracked 
|  86|0x0000000709000000, 0x0000000709000000, 0x0000000709100000|  0%| F|  |TAMS 0x0000000709000000, 0x0000000709000000| Untracked 
|  87|0x0000000709100000, 0x0000000709100000, 0x0000000709200000|  0%| F|  |TAMS 0x0000000709100000, 0x0000000709100000| Untracked 
|  88|0x0000000709200000, 0x0000000709200000, 0x0000000709300000|  0%| F|  |TAMS 0x0000000709200000, 0x0000000709200000| Untracked 
|  89|0x0000000709300000, 0x0000000709300000, 0x0000000709400000|  0%| F|  |TAMS 0x0000000709300000, 0x0000000709300000| Untracked 
|  90|0x0000000709400000, 0x0000000709400000, 0x0000000709500000|  0%| F|  |TAMS 0x0000000709400000, 0x0000000709400000| Untracked 
|  91|0x0000000709500000, 0x0000000709500000, 0x0000000709600000|  0%| F|  |TAMS 0x0000000709500000, 0x0000000709500000| Untracked 
|  92|0x0000000709600000, 0x0000000709600000, 0x0000000709700000|  0%| F|  |TAMS 0x0000000709600000, 0x0000000709600000| Untracked 
|  93|0x0000000709700000, 0x0000000709700000, 0x0000000709800000|  0%| F|  |TAMS 0x0000000709700000, 0x0000000709700000| Untracked 
|  94|0x0000000709800000, 0x0000000709800000, 0x0000000709900000|  0%| F|  |TAMS 0x0000000709800000, 0x0000000709800000| Untracked 
|  95|0x0000000709900000, 0x0000000709900000, 0x0000000709a00000|  0%| F|  |TAMS 0x0000000709900000, 0x0000000709900000| Untracked 
|  96|0x0000000709a00000, 0x0000000709a00000, 0x0000000709b00000|  0%| F|  |TAMS 0x0000000709a00000, 0x0000000709a00000| Untracked 
|  97|0x0000000709b00000, 0x0000000709b00000, 0x0000000709c00000|  0%| F|  |TAMS 0x0000000709b00000, 0x0000000709b00000| Untracked 
|  98|0x0000000709c00000, 0x0000000709c00000, 0x0000000709d00000|  0%| F|  |TAMS 0x0000000709c00000, 0x0000000709c00000| Untracked 
|  99|0x0000000709d00000, 0x0000000709d00000, 0x0000000709e00000|  0%| F|  |TAMS 0x0000000709d00000, 0x0000000709d00000| Untracked 
| 100|0x0000000709e00000, 0x0000000709e00000, 0x0000000709f00000|  0%| F|  |TAMS 0x0000000709e00000, 0x0000000709e00000| Untracked 
| 101|0x0000000709f00000, 0x0000000709f00000, 0x000000070a000000|  0%| F|  |TAMS 0x0000000709f00000, 0x0000000709f00000| Untracked 
| 102|0x000000070a000000, 0x000000070a000000, 0x000000070a100000|  0%| F|  |TAMS 0x000000070a000000, 0x000000070a000000| Untracked 
| 103|0x000000070a100000, 0x000000070a100000, 0x000000070a200000|  0%| F|  |TAMS 0x000000070a100000, 0x000000070a100000| Untracked 
| 104|0x000000070a200000, 0x000000070a200000, 0x000000070a300000|  0%| F|  |TAMS 0x000000070a200000, 0x000000070a200000| Untracked 
| 105|0x000000070a300000, 0x000000070a300000, 0x000000070a400000|  0%| F|  |TAMS 0x000000070a300000, 0x000000070a300000| Untracked 
| 106|0x000000070a400000, 0x000000070a400000, 0x000000070a500000|  0%| F|  |TAMS 0x000000070a400000, 0x000000070a400000| Untracked 
| 107|0x000000070a500000, 0x000000070a500000, 0x000000070a600000|  0%| F|  |TAMS 0x000000070a500000, 0x000000070a500000| Untracked 
| 108|0x000000070a600000, 0x000000070a600000, 0x000000070a700000|  0%| F|  |TAMS 0x000000070a600000, 0x000000070a600000| Untracked 
| 109|0x000000070a700000, 0x000000070a700000, 0x000000070a800000|  0%| F|  |TAMS 0x000000070a700000, 0x000000070a700000| Untracked 
| 110|0x000000070a800000, 0x000000070a800000, 0x000000070a900000|  0%| F|  |TAMS 0x000000070a800000, 0x000000070a800000| Untracked 
| 111|0x000000070a900000, 0x000000070a900000, 0x000000070aa00000|  0%| F|  |TAMS 0x000000070a900000, 0x000000070a900000| Untracked 
| 112|0x000000070aa00000, 0x000000070aa00000, 0x000000070ab00000|  0%| F|  |TAMS 0x000000070aa00000, 0x000000070aa00000| Untracked 
| 113|0x000000070ab00000, 0x000000070ab00000, 0x000000070ac00000|  0%| F|  |TAMS 0x000000070ab00000, 0x000000070ab00000| Untracked 
| 114|0x000000070ac00000, 0x000000070ac00000, 0x000000070ad00000|  0%| F|  |TAMS 0x000000070ac00000, 0x000000070ac00000| Untracked 
| 115|0x000000070ad00000, 0x000000070ad00000, 0x000000070ae00000|  0%| F|  |TAMS 0x000000070ad00000, 0x000000070ad00000| Untracked 
| 116|0x000000070ae00000, 0x000000070ae00000, 0x000000070af00000|  0%| F|  |TAMS 0x000000070ae00000, 0x000000070ae00000| Untracked 
| 117|0x000000070af00000, 0x000000070af00000, 0x000000070b000000|  0%| F|  |TAMS 0x000000070af00000, 0x000000070af00000| Untracked 
| 118|0x000000070b000000, 0x000000070b000000, 0x000000070b100000|  0%| F|  |TAMS 0x000000070b000000, 0x000000070b000000| Untracked 
| 119|0x000000070b100000, 0x000000070b100000, 0x000000070b200000|  0%| F|  |TAMS 0x000000070b100000, 0x000000070b100000| Untracked 
| 120|0x000000070b200000, 0x000000070b200000, 0x000000070b300000|  0%| F|  |TAMS 0x000000070b200000, 0x000000070b200000| Untracked 
| 121|0x000000070b300000, 0x000000070b300000, 0x000000070b400000|  0%| F|  |TAMS 0x000000070b300000, 0x000000070b300000| Untracked 
| 122|0x000000070b400000, 0x000000070b400000, 0x000000070b500000|  0%| F|  |TAMS 0x000000070b400000, 0x000000070b400000| Untracked 
| 123|0x000000070b500000, 0x000000070b500000, 0x000000070b600000|  0%| F|  |TAMS 0x000000070b500000, 0x000000070b500000| Untracked 
| 124|0x000000070b600000, 0x000000070b600000, 0x000000070b700000|  0%| F|  |TAMS 0x000000070b600000, 0x000000070b600000| Untracked 
| 125|0x000000070b700000, 0x000000070b700000, 0x000000070b800000|  0%| F|  |TAMS 0x000000070b700000, 0x000000070b700000| Untracked 
| 126|0x000000070b800000, 0x000000070b800000, 0x000000070b900000|  0%| F|  |TAMS 0x000000070b800000, 0x000000070b800000| Untracked 
| 127|0x000000070b900000, 0x000000070b900000, 0x000000070ba00000|  0%| F|  |TAMS 0x000000070b900000, 0x000000070b900000| Untracked 
| 128|0x000000070ba00000, 0x000000070ba00000, 0x000000070bb00000|  0%| F|  |TAMS 0x000000070ba00000, 0x000000070ba00000| Untracked 
| 129|0x000000070bb00000, 0x000000070bb00000, 0x000000070bc00000|  0%| F|  |TAMS 0x000000070bb00000, 0x000000070bb00000| Untracked 
| 130|0x000000070bc00000, 0x000000070bc00000, 0x000000070bd00000|  0%| F|  |TAMS 0x000000070bc00000, 0x000000070bc00000| Untracked 
| 131|0x000000070bd00000, 0x000000070bd00000, 0x000000070be00000|  0%| F|  |TAMS 0x000000070bd00000, 0x000000070bd00000| Untracked 
| 132|0x000000070be00000, 0x000000070be00000, 0x000000070bf00000|  0%| F|  |TAMS 0x000000070be00000, 0x000000070be00000| Untracked 
| 133|0x000000070bf00000, 0x000000070bf00000, 0x000000070c000000|  0%| F|  |TAMS 0x000000070bf00000, 0x000000070bf00000| Untracked 
| 134|0x000000070c000000, 0x000000070c000000, 0x000000070c100000|  0%| F|  |TAMS 0x000000070c000000, 0x000000070c000000| Untracked 
| 135|0x000000070c100000, 0x000000070c100000, 0x000000070c200000|  0%| F|  |TAMS 0x000000070c100000, 0x000000070c100000| Untracked 
| 136|0x000000070c200000, 0x000000070c200000, 0x000000070c300000|  0%| F|  |TAMS 0x000000070c200000, 0x000000070c200000| Untracked 
| 137|0x000000070c300000, 0x000000070c300000, 0x000000070c400000|  0%| F|  |TAMS 0x000000070c300000, 0x000000070c300000| Untracked 
| 138|0x000000070c400000, 0x000000070c400000, 0x000000070c500000|  0%| F|  |TAMS 0x000000070c400000, 0x000000070c400000| Untracked 
| 139|0x000000070c500000, 0x000000070c500000, 0x000000070c600000|  0%| F|  |TAMS 0x000000070c500000, 0x000000070c500000| Untracked 
| 140|0x000000070c600000, 0x000000070c600000, 0x000000070c700000|  0%| F|  |TAMS 0x000000070c600000, 0x000000070c600000| Untracked 
| 141|0x000000070c700000, 0x000000070c700000, 0x000000070c800000|  0%| F|  |TAMS 0x000000070c700000, 0x000000070c700000| Untracked 
| 142|0x000000070c800000, 0x000000070c800000, 0x000000070c900000|  0%| F|  |TAMS 0x000000070c800000, 0x000000070c800000| Untracked 
| 143|0x000000070c900000, 0x000000070c900000, 0x000000070ca00000|  0%| F|  |TAMS 0x000000070c900000, 0x000000070c900000| Untracked 
| 144|0x000000070ca00000, 0x000000070ca00000, 0x000000070cb00000|  0%| F|  |TAMS 0x000000070ca00000, 0x000000070ca00000| Untracked 
| 145|0x000000070cb00000, 0x000000070cb00000, 0x000000070cc00000|  0%| F|  |TAMS 0x000000070cb00000, 0x000000070cb00000| Untracked 
| 146|0x000000070cc00000, 0x000000070cc00000, 0x000000070cd00000|  0%| F|  |TAMS 0x000000070cc00000, 0x000000070cc00000| Untracked 
| 147|0x000000070cd00000, 0x000000070cd00000, 0x000000070ce00000|  0%| F|  |TAMS 0x000000070cd00000, 0x000000070cd00000| Untracked 
| 148|0x000000070ce00000, 0x000000070ce00000, 0x000000070cf00000|  0%| F|  |TAMS 0x000000070ce00000, 0x000000070ce00000| Untracked 
| 149|0x000000070cf00000, 0x000000070cf00000, 0x000000070d000000|  0%| F|  |TAMS 0x000000070cf00000, 0x000000070cf00000| Untracked 
| 150|0x000000070d000000, 0x000000070d000000, 0x000000070d100000|  0%| F|  |TAMS 0x000000070d000000, 0x000000070d000000| Untracked 
| 151|0x000000070d100000, 0x000000070d100000, 0x000000070d200000|  0%| F|  |TAMS 0x000000070d100000, 0x000000070d100000| Untracked 
| 152|0x000000070d200000, 0x000000070d200000, 0x000000070d300000|  0%| F|  |TAMS 0x000000070d200000, 0x000000070d200000| Untracked 
| 153|0x000000070d300000, 0x000000070d300000, 0x000000070d400000|  0%| F|  |TAMS 0x000000070d300000, 0x000000070d300000| Untracked 
| 154|0x000000070d400000, 0x000000070d400000, 0x000000070d500000|  0%| F|  |TAMS 0x000000070d400000, 0x000000070d400000| Untracked 
| 155|0x000000070d500000, 0x000000070d500000, 0x000000070d600000|  0%| F|  |TAMS 0x000000070d500000, 0x000000070d500000| Untracked 
| 156|0x000000070d600000, 0x000000070d600000, 0x000000070d700000|  0%| F|  |TAMS 0x000000070d600000, 0x000000070d600000| Untracked 
| 157|0x000000070d700000, 0x000000070d700000, 0x000000070d800000|  0%| F|  |TAMS 0x000000070d700000, 0x000000070d700000| Untracked 
| 158|0x000000070d800000, 0x000000070d800000, 0x000000070d900000|  0%| F|  |TAMS 0x000000070d800000, 0x000000070d800000| Untracked 
| 159|0x000000070d900000, 0x000000070d900000, 0x000000070da00000|  0%| F|  |TAMS 0x000000070d900000, 0x000000070d900000| Untracked 
| 160|0x000000070da00000, 0x000000070da00000, 0x000000070db00000|  0%| F|  |TAMS 0x000000070da00000, 0x000000070da00000| Untracked 
| 161|0x000000070db00000, 0x000000070db00000, 0x000000070dc00000|  0%| F|  |TAMS 0x000000070db00000, 0x000000070db00000| Untracked 
| 162|0x000000070dc00000, 0x000000070dc00000, 0x000000070dd00000|  0%| F|  |TAMS 0x000000070dc00000, 0x000000070dc00000| Untracked 
| 163|0x000000070dd00000, 0x000000070dd00000, 0x000000070de00000|  0%| F|  |TAMS 0x000000070dd00000, 0x000000070dd00000| Untracked 
| 164|0x000000070de00000, 0x000000070de00000, 0x000000070df00000|  0%| F|  |TAMS 0x000000070de00000, 0x000000070de00000| Untracked 
| 165|0x000000070df00000, 0x000000070df00000, 0x000000070e000000|  0%| F|  |TAMS 0x000000070df00000, 0x000000070df00000| Untracked 
| 166|0x000000070e000000, 0x000000070e000000, 0x000000070e100000|  0%| F|  |TAMS 0x000000070e000000, 0x000000070e000000| Untracked 
| 167|0x000000070e100000, 0x000000070e100000, 0x000000070e200000|  0%| F|  |TAMS 0x000000070e100000, 0x000000070e100000| Untracked 
| 168|0x000000070e200000, 0x000000070e200000, 0x000000070e300000|  0%| F|  |TAMS 0x000000070e200000, 0x000000070e200000| Untracked 
| 169|0x000000070e300000, 0x000000070e300000, 0x000000070e400000|  0%| F|  |TAMS 0x000000070e300000, 0x000000070e300000| Untracked 
| 170|0x000000070e400000, 0x000000070e400000, 0x000000070e500000|  0%| F|  |TAMS 0x000000070e400000, 0x000000070e400000| Untracked 
| 171|0x000000070e500000, 0x000000070e500000, 0x000000070e600000|  0%| F|  |TAMS 0x000000070e500000, 0x000000070e500000| Untracked 
| 172|0x000000070e600000, 0x000000070e600000, 0x000000070e700000|  0%| F|  |TAMS 0x000000070e600000, 0x000000070e600000| Untracked 
| 173|0x000000070e700000, 0x000000070e700000, 0x000000070e800000|  0%| F|  |TAMS 0x000000070e700000, 0x000000070e700000| Untracked 
| 174|0x000000070e800000, 0x000000070e800000, 0x000000070e900000|  0%| F|  |TAMS 0x000000070e800000, 0x000000070e800000| Untracked 
| 175|0x000000070e900000, 0x000000070e900000, 0x000000070ea00000|  0%| F|  |TAMS 0x000000070e900000, 0x000000070e900000| Untracked 
| 176|0x000000070ea00000, 0x000000070ea00000, 0x000000070eb00000|  0%| F|  |TAMS 0x000000070ea00000, 0x000000070ea00000| Untracked 
| 177|0x000000070eb00000, 0x000000070eb00000, 0x000000070ec00000|  0%| F|  |TAMS 0x000000070eb00000, 0x000000070eb00000| Untracked 
| 178|0x000000070ec00000, 0x000000070ec00000, 0x000000070ed00000|  0%| F|  |TAMS 0x000000070ec00000, 0x000000070ec00000| Untracked 
| 179|0x000000070ed00000, 0x000000070ed00000, 0x000000070ee00000|  0%| F|  |TAMS 0x000000070ed00000, 0x000000070ed00000| Untracked 
| 180|0x000000070ee00000, 0x000000070ee00000, 0x000000070ef00000|  0%| F|  |TAMS 0x000000070ee00000, 0x000000070ee00000| Untracked 
| 181|0x000000070ef00000, 0x000000070ef00000, 0x000000070f000000|  0%| F|  |TAMS 0x000000070ef00000, 0x000000070ef00000| Untracked 
| 182|0x000000070f000000, 0x000000070f000000, 0x000000070f100000|  0%| F|  |TAMS 0x000000070f000000, 0x000000070f000000| Untracked 
| 183|0x000000070f100000, 0x000000070f100000, 0x000000070f200000|  0%| F|  |TAMS 0x000000070f100000, 0x000000070f100000| Untracked 
| 184|0x000000070f200000, 0x000000070f200000, 0x000000070f300000|  0%| F|  |TAMS 0x000000070f200000, 0x000000070f200000| Untracked 
| 185|0x000000070f300000, 0x000000070f300000, 0x000000070f400000|  0%| F|  |TAMS 0x000000070f300000, 0x000000070f300000| Untracked 
| 186|0x000000070f400000, 0x000000070f400000, 0x000000070f500000|  0%| F|  |TAMS 0x000000070f400000, 0x000000070f400000| Untracked 
| 187|0x000000070f500000, 0x000000070f500000, 0x000000070f600000|  0%| F|  |TAMS 0x000000070f500000, 0x000000070f500000| Untracked 
| 188|0x000000070f600000, 0x000000070f600000, 0x000000070f700000|  0%| F|  |TAMS 0x000000070f600000, 0x000000070f600000| Untracked 
| 189|0x000000070f700000, 0x000000070f700000, 0x000000070f800000|  0%| F|  |TAMS 0x000000070f700000, 0x000000070f700000| Untracked 
| 190|0x000000070f800000, 0x000000070f800000, 0x000000070f900000|  0%| F|  |TAMS 0x000000070f800000, 0x000000070f800000| Untracked 
| 191|0x000000070f900000, 0x000000070f900000, 0x000000070fa00000|  0%| F|  |TAMS 0x000000070f900000, 0x000000070f900000| Untracked 
| 192|0x000000070fa00000, 0x000000070fa00000, 0x000000070fb00000|  0%| F|  |TAMS 0x000000070fa00000, 0x000000070fa00000| Untracked 
| 193|0x000000070fb00000, 0x000000070fb00000, 0x000000070fc00000|  0%| F|  |TAMS 0x000000070fb00000, 0x000000070fb00000| Untracked 
| 194|0x000000070fc00000, 0x000000070fc00000, 0x000000070fd00000|  0%| F|  |TAMS 0x000000070fc00000, 0x000000070fc00000| Untracked 
| 195|0x000000070fd00000, 0x000000070fd00000, 0x000000070fe00000|  0%| F|  |TAMS 0x000000070fd00000, 0x000000070fd00000| Untracked 
| 196|0x000000070fe00000, 0x000000070fe00000, 0x000000070ff00000|  0%| F|  |TAMS 0x000000070fe00000, 0x000000070fe00000| Untracked 
| 197|0x000000070ff00000, 0x000000070ff00000, 0x0000000710000000|  0%| F|  |TAMS 0x000000070ff00000, 0x000000070ff00000| Untracked 
| 198|0x0000000710000000, 0x0000000710000000, 0x0000000710100000|  0%| F|  |TAMS 0x0000000710000000, 0x0000000710000000| Untracked 
| 199|0x0000000710100000, 0x0000000710100000, 0x0000000710200000|  0%| F|  |TAMS 0x0000000710100000, 0x0000000710100000| Untracked 
| 200|0x0000000710200000, 0x0000000710200000, 0x0000000710300000|  0%| F|  |TAMS 0x0000000710200000, 0x0000000710200000| Untracked 
| 201|0x0000000710300000, 0x0000000710300000, 0x0000000710400000|  0%| F|  |TAMS 0x0000000710300000, 0x0000000710300000| Untracked 
| 202|0x0000000710400000, 0x0000000710400000, 0x0000000710500000|  0%| F|  |TAMS 0x0000000710400000, 0x0000000710400000| Untracked 
| 203|0x0000000710500000, 0x0000000710500000, 0x0000000710600000|  0%| F|  |TAMS 0x0000000710500000, 0x0000000710500000| Untracked 
| 204|0x0000000710600000, 0x0000000710600000, 0x0000000710700000|  0%| F|  |TAMS 0x0000000710600000, 0x0000000710600000| Untracked 
| 205|0x0000000710700000, 0x0000000710700000, 0x0000000710800000|  0%| F|  |TAMS 0x0000000710700000, 0x0000000710700000| Untracked 
| 206|0x0000000710800000, 0x0000000710800000, 0x0000000710900000|  0%| F|  |TAMS 0x0000000710800000, 0x0000000710800000| Untracked 
| 207|0x0000000710900000, 0x0000000710900000, 0x0000000710a00000|  0%| F|  |TAMS 0x0000000710900000, 0x0000000710900000| Untracked 
| 208|0x0000000710a00000, 0x0000000710a00000, 0x0000000710b00000|  0%| F|  |TAMS 0x0000000710a00000, 0x0000000710a00000| Untracked 
| 209|0x0000000710b00000, 0x0000000710b00000, 0x0000000710c00000|  0%| F|  |TAMS 0x0000000710b00000, 0x0000000710b00000| Untracked 
| 210|0x0000000710c00000, 0x0000000710c00000, 0x0000000710d00000|  0%| F|  |TAMS 0x0000000710c00000, 0x0000000710c00000| Untracked 
| 211|0x0000000710d00000, 0x0000000710d00000, 0x0000000710e00000|  0%| F|  |TAMS 0x0000000710d00000, 0x0000000710d00000| Untracked 
| 212|0x0000000710e00000, 0x0000000710e00000, 0x0000000710f00000|  0%| F|  |TAMS 0x0000000710e00000, 0x0000000710e00000| Untracked 
| 213|0x0000000710f00000, 0x0000000710f00000, 0x0000000711000000|  0%| F|  |TAMS 0x0000000710f00000, 0x0000000710f00000| Untracked 
| 214|0x0000000711000000, 0x0000000711000000, 0x0000000711100000|  0%| F|  |TAMS 0x0000000711000000, 0x0000000711000000| Untracked 
| 215|0x0000000711100000, 0x0000000711100000, 0x0000000711200000|  0%| F|  |TAMS 0x0000000711100000, 0x0000000711100000| Untracked 
| 216|0x0000000711200000, 0x0000000711200000, 0x0000000711300000|  0%| F|  |TAMS 0x0000000711200000, 0x0000000711200000| Untracked 
| 217|0x0000000711300000, 0x0000000711300000, 0x0000000711400000|  0%| F|  |TAMS 0x0000000711300000, 0x0000000711300000| Untracked 
| 218|0x0000000711400000, 0x0000000711400000, 0x0000000711500000|  0%| F|  |TAMS 0x0000000711400000, 0x0000000711400000| Untracked 
| 219|0x0000000711500000, 0x0000000711500000, 0x0000000711600000|  0%| F|  |TAMS 0x0000000711500000, 0x0000000711500000| Untracked 
| 220|0x0000000711600000, 0x0000000711600000, 0x0000000711700000|  0%| F|  |TAMS 0x0000000711600000, 0x0000000711600000| Untracked 
| 221|0x0000000711700000, 0x0000000711700000, 0x0000000711800000|  0%| F|  |TAMS 0x0000000711700000, 0x0000000711700000| Untracked 
| 222|0x0000000711800000, 0x0000000711800000, 0x0000000711900000|  0%| F|  |TAMS 0x0000000711800000, 0x0000000711800000| Untracked 
| 223|0x0000000711900000, 0x0000000711900000, 0x0000000711a00000|  0%| F|  |TAMS 0x0000000711900000, 0x0000000711900000| Untracked 
| 224|0x0000000711a00000, 0x0000000711a00000, 0x0000000711b00000|  0%| F|  |TAMS 0x0000000711a00000, 0x0000000711a00000| Untracked 
| 225|0x0000000711b00000, 0x0000000711b00000, 0x0000000711c00000|  0%| F|  |TAMS 0x0000000711b00000, 0x0000000711b00000| Untracked 
| 226|0x0000000711c00000, 0x0000000711c00000, 0x0000000711d00000|  0%| F|  |TAMS 0x0000000711c00000, 0x0000000711c00000| Untracked 
| 227|0x0000000711d00000, 0x0000000711d00000, 0x0000000711e00000|  0%| F|  |TAMS 0x0000000711d00000, 0x0000000711d00000| Untracked 
| 228|0x0000000711e00000, 0x0000000711e00000, 0x0000000711f00000|  0%| F|  |TAMS 0x0000000711e00000, 0x0000000711e00000| Untracked 
| 229|0x0000000711f00000, 0x0000000711f00000, 0x0000000712000000|  0%| F|  |TAMS 0x0000000711f00000, 0x0000000711f00000| Untracked 
| 230|0x0000000712000000, 0x0000000712000000, 0x0000000712100000|  0%| F|  |TAMS 0x0000000712000000, 0x0000000712000000| Untracked 
| 231|0x0000000712100000, 0x0000000712100000, 0x0000000712200000|  0%| F|  |TAMS 0x0000000712100000, 0x0000000712100000| Untracked 
| 232|0x0000000712200000, 0x0000000712200000, 0x0000000712300000|  0%| F|  |TAMS 0x0000000712200000, 0x0000000712200000| Untracked 
| 233|0x0000000712300000, 0x0000000712300000, 0x0000000712400000|  0%| F|  |TAMS 0x0000000712300000, 0x0000000712300000| Untracked 
| 234|0x0000000712400000, 0x000000071247b628, 0x0000000712500000| 48%| E|  |TAMS 0x0000000712400000, 0x0000000712400000| Complete 
| 235|0x0000000712500000, 0x0000000712600000, 0x0000000712600000|100%| E|CS|TAMS 0x0000000712500000, 0x0000000712500000| Complete 
| 236|0x0000000712600000, 0x0000000712700000, 0x0000000712700000|100%| E|CS|TAMS 0x0000000712600000, 0x0000000712600000| Complete 
| 237|0x0000000712700000, 0x0000000712800000, 0x0000000712800000|100%| E|CS|TAMS 0x0000000712700000, 0x0000000712700000| Complete 
| 238|0x0000000712800000, 0x0000000712900000, 0x0000000712900000|100%| E|CS|TAMS 0x0000000712800000, 0x0000000712800000| Complete 
| 239|0x0000000712900000, 0x0000000712a00000, 0x0000000712a00000|100%| E|CS|TAMS 0x0000000712900000, 0x0000000712900000| Complete 
| 240|0x0000000712a00000, 0x0000000712b00000, 0x0000000712b00000|100%| E|CS|TAMS 0x0000000712a00000, 0x0000000712a00000| Complete 
| 241|0x0000000712b00000, 0x0000000712c00000, 0x0000000712c00000|100%| E|CS|TAMS 0x0000000712b00000, 0x0000000712b00000| Complete 
| 242|0x0000000712c00000, 0x0000000712d00000, 0x0000000712d00000|100%| E|CS|TAMS 0x0000000712c00000, 0x0000000712c00000| Complete 
| 243|0x0000000712d00000, 0x0000000712e00000, 0x0000000712e00000|100%| E|CS|TAMS 0x0000000712d00000, 0x0000000712d00000| Complete 
| 244|0x0000000712e00000, 0x0000000712f00000, 0x0000000712f00000|100%| E|CS|TAMS 0x0000000712e00000, 0x0000000712e00000| Complete 
| 245|0x0000000712f00000, 0x0000000713000000, 0x0000000713000000|100%| E|CS|TAMS 0x0000000712f00000, 0x0000000712f00000| Complete 
| 246|0x0000000713000000, 0x0000000713100000, 0x0000000713100000|100%| E|CS|TAMS 0x0000000713000000, 0x0000000713000000| Complete 
| 247|0x0000000713100000, 0x0000000713200000, 0x0000000713200000|100%| E|CS|TAMS 0x0000000713100000, 0x0000000713100000| Complete 
| 248|0x0000000713200000, 0x0000000713300000, 0x0000000713300000|100%| E|  |TAMS 0x0000000713200000, 0x0000000713200000| Complete 
| 249|0x0000000713300000, 0x0000000713400000, 0x0000000713400000|100%| E|CS|TAMS 0x0000000713300000, 0x0000000713300000| Complete 
| 250|0x0000000713400000, 0x0000000713500000, 0x0000000713500000|100%| E|CS|TAMS 0x0000000713400000, 0x0000000713400000| Complete 
| 251|0x0000000713500000, 0x0000000713600000, 0x0000000713600000|100%| E|CS|TAMS 0x0000000713500000, 0x0000000713500000| Complete 
| 252|0x0000000713600000, 0x0000000713700000, 0x0000000713700000|100%| E|CS|TAMS 0x0000000713600000, 0x0000000713600000| Complete 
| 253|0x0000000713700000, 0x0000000713800000, 0x0000000713800000|100%| E|CS|TAMS 0x0000000713700000, 0x0000000713700000| Complete 

Card table byte_map: [0x00000183536f0000,0x0000018353ee0000] _byte_map_base: 0x000001834fed3000

Marking Bits (Prev, Next): (CMBitMap*) 0x000001833ad99b88, (CMBitMap*) 0x000001833ad99bc0
 Prev Bits: [0x00000183546d0000, 0x00000183585e8000)
 Next Bits: [0x00000183585f0000, 0x000001835c508000)

Polling page: 0x000001833adf0000

Metaspace:

Usage:
  Non-class:     11.18 MB capacity,    11.09 MB (>99%) used,    81.22 KB ( <1%) free+waste,    13.13 KB ( <1%) overhead. 
      Class:      1.22 MB capacity,     1.17 MB ( 96%) used,    47.26 KB (  4%) free+waste,     5.31 KB ( <1%) overhead. 
       Both:     12.40 MB capacity,    12.26 MB ( 99%) used,   128.48 KB (  1%) free+waste,    18.44 KB ( <1%) overhead. 

Virtual space:
  Non-class space:       12.00 MB reserved,      11.25 MB ( 94%) committed 
      Class space:        1.00 GB reserved,       1.25 MB ( <1%) committed 
             Both:        1.01 GB reserved,      12.50 MB (  1%) committed 

Chunk freelists:
   Non-Class:  5.00 KB
       Class:  29.00 KB
        Both:  34.00 KB

MaxMetaspaceSize: 17179869184.00 GB
CompressedClassSpaceSize: 1.00 GB
Initial GC threshold: 20.80 MB
Current GC threshold: 20.80 MB
CDS: off

CodeHeap 'non-profiled nmethods': size=120000Kb used=253Kb max_used=253Kb free=119746Kb
 bounds [0x000001834af70000, 0x000001834b1e0000, 0x00000183524a0000]
CodeHeap 'profiled nmethods': size=120000Kb used=1389Kb max_used=1389Kb free=118610Kb
 bounds [0x0000018343a40000, 0x0000018343cb0000, 0x000001834af70000]
CodeHeap 'non-nmethods': size=5760Kb used=1149Kb max_used=1165Kb free=4610Kb
 bounds [0x00000183434a0000, 0x0000018343710000, 0x0000018343a40000]
 total_blobs=1192 nmethods=798 adapters=307
 compilation: enabled
              stopped_count=0, restarted_count=0
 full_count=0

Compilation events (20 events):
Event: 0.415 Thread 0x000001835f9f8000  735       3       java.util.zip.ZipFile$ZipFileInflaterInputStream::<init> (14 bytes)
Event: 0.415 Thread 0x000001835f9f8000 nmethod 735 0x0000018343b6f790 code [0x0000018343b6f960, 0x0000018343b6fb78]
Event: 0.415 Thread 0x000001835f9f8000  736   !   3       java.net.URL::<init> (543 bytes)
Event: 0.416 Thread 0x000001835f9f5000 nmethod 720 0x000001834afa7190 code [0x000001834afa7400, 0x000001834afa7fc0]
Event: 0.417 Thread 0x000001835f9f5000  730  s!   4       jdk.internal.loader.URLClassPath::getLoader (194 bytes)
Event: 0.422 Thread 0x000001835f9f8000 nmethod 736 0x0000018343b6fc90 code [0x0000018343b70380, 0x0000018343b741a8]
Event: 0.422 Thread 0x000001835f9f8000  739       3       java.util.jar.JarFile::getManifestFromReference (151 bytes)
Event: 0.424 Thread 0x000001835f9f8000 nmethod 739 0x0000018343b76410 code [0x0000018343b76700, 0x0000018343b778a8]
Event: 0.424 Thread 0x000001835f9f8000  737   !   3       java.net.URL::set (114 bytes)
Event: 0.426 Thread 0x000001835f9f8000 nmethod 737 0x0000018343b77e90 code [0x0000018343b78120, 0x0000018343b78f38]
Event: 0.426 Thread 0x000001835f9f8000  738       3       java.net.URLStreamHandler::toExternalForm (156 bytes)
Event: 0.428 Thread 0x000001835f9f8000 nmethod 738 0x0000018343b79390 code [0x0000018343b79840, 0x0000018343b7b8b8]
Event: 0.428 Thread 0x000001835f9f8000  740       3       java.util.jar.JarFile::getManifest (5 bytes)
Event: 0.428 Thread 0x000001835f9f8000 nmethod 740 0x0000018343b7c290 code [0x0000018343b7c440, 0x0000018343b7c568]
Event: 0.439 Thread 0x000001835f9f8000  742   !   3       java.util.zip.Inflater::reset (64 bytes)
Event: 0.440 Thread 0x000001835f9f8000 nmethod 742 0x0000018343b7c610 code [0x0000018343b7c800, 0x0000018343b7cc58]
Event: 0.444 Thread 0x000001835f9f8000  744       3       java.util.zip.ZipFile$InflaterCleanupAction::run (12 bytes)
Event: 0.444 Thread 0x000001835f9f8000 nmethod 744 0x0000018343b7ce10 code [0x0000018343b7cfc0, 0x0000018343b7d188]
Event: 0.444 Thread 0x000001835f9f8000  745   !   3       java.util.zip.ZipFile$CleanableResource::releaseInflater (53 bytes)
Event: 0.445 Thread 0x000001835f9f8000 nmethod 745 0x0000018343b7d290 code [0x0000018343b7d480, 0x0000018343b7d968]

GC Heap History (0 events):
No events

Deoptimization events (20 events):
Event: 0.118 Thread 0x000001833ad37800 DEOPT PACKING pc=0x0000018343a63a0e sp=0x000000825aaf7df0
Event: 0.118 Thread 0x000001833ad37800 DEOPT UNPACKING pc=0x00000183434e9d0e sp=0x000000825aaf7290 mode 0
Event: 0.118 Thread 0x000001833ad37800 DEOPT PACKING pc=0x0000018343a640cb sp=0x000000825aaf7dc0
Event: 0.118 Thread 0x000001833ad37800 DEOPT UNPACKING pc=0x00000183434e9d0e sp=0x000000825aaf7290 mode 0
Event: 0.118 Thread 0x000001833ad37800 DEOPT PACKING pc=0x0000018343a63a0e sp=0x000000825aaf7df0
Event: 0.118 Thread 0x000001833ad37800 DEOPT UNPACKING pc=0x00000183434e9d0e sp=0x000000825aaf7290 mode 0
Event: 0.118 Thread 0x000001833ad37800 DEOPT PACKING pc=0x0000018343a640cb sp=0x000000825aaf7dc0
Event: 0.119 Thread 0x000001833ad37800 DEOPT UNPACKING pc=0x00000183434e9d0e sp=0x000000825aaf7290 mode 0
Event: 0.119 Thread 0x000001833ad37800 DEOPT PACKING pc=0x0000018343a63a0e sp=0x000000825aaf7df0
Event: 0.119 Thread 0x000001833ad37800 DEOPT UNPACKING pc=0x00000183434e9d0e sp=0x000000825aaf7290 mode 0
Event: 0.119 Thread 0x000001833ad37800 DEOPT PACKING pc=0x0000018343a640cb sp=0x000000825aaf7dc0
Event: 0.119 Thread 0x000001833ad37800 DEOPT UNPACKING pc=0x00000183434e9d0e sp=0x000000825aaf7290 mode 0
Event: 0.119 Thread 0x000001833ad37800 DEOPT PACKING pc=0x0000018343a640cb sp=0x000000825aaf7dc0
Event: 0.119 Thread 0x000001833ad37800 DEOPT UNPACKING pc=0x00000183434e9d0e sp=0x000000825aaf7290 mode 0
Event: 0.202 Thread 0x000001833ad37800 DEOPT PACKING pc=0x0000018343a878c2 sp=0x000000825aafd5d0
Event: 0.202 Thread 0x000001833ad37800 DEOPT UNPACKING pc=0x00000183434e9d0e sp=0x000000825aafca38 mode 0
Event: 0.379 Thread 0x000001833ad37800 Uncommon trap: trap_request=0xffffff4d fr.pc=0x000001834af7ec00 relative=0x0000000000000060
Event: 0.379 Thread 0x000001833ad37800 Uncommon trap: reason=unstable_if action=reinterpret pc=0x000001834af7ec00 method=java.io.WinNTFileSystem.isSlash(C)Z @ 9 c2
Event: 0.379 Thread 0x000001833ad37800 DEOPT PACKING pc=0x000001834af7ec00 sp=0x000000825aafe050
Event: 0.379 Thread 0x000001833ad37800 DEOPT UNPACKING pc=0x00000183434a85af sp=0x000000825aafdfd8 mode 2

Classes redefined (0 events):
No events

Internal exceptions (20 events):
Event: 0.348 Thread 0x000001833ad37800 Exception <a 'sun/nio/fs/WindowsException'{0x0000000712bbfc70}> (0x0000000712bbfc70) thrown at [./src/hotspot/share/prims/jni.cpp, line 616]
Event: 0.348 Thread 0x000001833ad37800 Exception <a 'sun/nio/fs/WindowsException'{0x0000000712bbffe0}> (0x0000000712bbffe0) thrown at [./src/hotspot/share/prims/jni.cpp, line 616]
Event: 0.351 Thread 0x000001833ad37800 Exception <a 'java/lang/NoSuchMethodError'{0x0000000712bcda38}: 'java.lang.Object java.lang.invoke.DirectMethodHandle$Holder.invokeStatic(java.lang.Object, java.lang.Object, java.lang.Object, int)'> (0x0000000712bcda38) thrown at [./src/hotspot/share/interpreter/linkResolver.cpp, line 773]
Event: 0.351 Thread 0x000001833ad37800 Exception <a 'java/lang/NoSuchMethodError'{0x0000000712bd16b0}: 'java.lang.Object java.lang.invoke.DirectMethodHandle$Holder.invokeSpecial(java.lang.Object, java.lang.Object, java.lang.Object, java.lang.Object, int)'> (0x0000000712bd16b0) thrown at [./src/hotspot/share/interpreter/linkResolver.cpp, line 773]
Event: 0.351 Thread 0x000001833ad37800 Exception <a 'java/lang/NoSuchMethodError'{0x0000000712bd4b48}: 'java.lang.Object java.lang.invoke.Invokers$Holder.linkToTargetMethod(java.lang.Object, java.lang.Object, int, java.lang.Object)'> (0x0000000712bd4b48) thrown at [./src/hotspot/share/interpreter/linkResolver.cpp, line 773]
Event: 0.352 Thread 0x000001833ad37800 Exception <a 'sun/nio/fs/WindowsException'{0x0000000712bd8388}> (0x0000000712bd8388) thrown at [./src/hotspot/share/prims/jni.cpp, line 616]
Event: 0.352 Thread 0x000001833ad37800 Exception <a 'sun/nio/fs/WindowsException'{0x0000000712bd8718}> (0x0000000712bd8718) thrown at [./src/hotspot/share/prims/jni.cpp, line 616]
Event: 0.353 Thread 0x000001833ad37800 Exception <a 'sun/nio/fs/WindowsException'{0x0000000712bd9670}> (0x0000000712bd9670) thrown at [./src/hotspot/share/prims/jni.cpp, line 616]
Event: 0.353 Thread 0x000001833ad37800 Exception <a 'sun/nio/fs/WindowsException'{0x0000000712bd9a28}> (0x0000000712bd9a28) thrown at [./src/hotspot/share/prims/jni.cpp, line 616]
Event: 0.356 Thread 0x000001833ad37800 Exception <a 'sun/nio/fs/WindowsException'{0x0000000712bdd270}> (0x0000000712bdd270) thrown at [./src/hotspot/share/prims/jni.cpp, line 616]
Event: 0.356 Thread 0x000001833ad37800 Exception <a 'sun/nio/fs/WindowsException'{0x0000000712bdd610}> (0x0000000712bdd610) thrown at [./src/hotspot/share/prims/jni.cpp, line 616]
Event: 0.356 Thread 0x000001833ad37800 Exception <a 'sun/nio/fs/WindowsException'{0x0000000712bde570}> (0x0000000712bde570) thrown at [./src/hotspot/share/prims/jni.cpp, line 616]
Event: 0.356 Thread 0x000001833ad37800 Exception <a 'sun/nio/fs/WindowsException'{0x0000000712bde930}> (0x0000000712bde930) thrown at [./src/hotspot/share/prims/jni.cpp, line 616]
Event: 0.357 Thread 0x000001833ad37800 Exception <a 'sun/nio/fs/WindowsException'{0x0000000712be0518}> (0x0000000712be0518) thrown at [./src/hotspot/share/prims/jni.cpp, line 616]
Event: 0.357 Thread 0x000001833ad37800 Exception <a 'sun/nio/fs/WindowsException'{0x0000000712be08d0}> (0x0000000712be08d0) thrown at [./src/hotspot/share/prims/jni.cpp, line 616]
Event: 0.357 Thread 0x000001833ad37800 Exception <a 'sun/nio/fs/WindowsException'{0x0000000712be2ea0}> (0x0000000712be2ea0) thrown at [./src/hotspot/share/prims/jni.cpp, line 616]
Event: 0.357 Thread 0x000001833ad37800 Exception <a 'sun/nio/fs/WindowsException'{0x0000000712be3228}> (0x0000000712be3228) thrown at [./src/hotspot/share/prims/jni.cpp, line 616]
Event: 0.357 Thread 0x000001833ad37800 Exception <a 'sun/nio/fs/WindowsException'{0x0000000712be4170}> (0x0000000712be4170) thrown at [./src/hotspot/share/prims/jni.cpp, line 616]
Event: 0.358 Thread 0x000001833ad37800 Exception <a 'sun/nio/fs/WindowsException'{0x0000000712be4520}> (0x0000000712be4520) thrown at [./src/hotspot/share/prims/jni.cpp, line 616]
Event: 0.446 Thread 0x000001833ad37800 Exception <a 'java/lang/NullPointerException'{0x00000007127dd980}> (0x00000007127dd980) thrown at [./src/hotspot/share/interpreter/linkResolver.cpp, line 1440]

Events (20 events):
Event: 0.436 loading class com/sun/xml/bind/v2/model/impl/EnumLeafInfoImpl done
Event: 0.438 loading class com/sun/xml/bind/v2/model/core/EnumLeafInfo
Event: 0.438 loading class com/sun/xml/bind/v2/model/core/EnumLeafInfo done
Event: 0.439 loading class com/sun/xml/bind/v2/model/impl/RuntimeEnumLeafInfoImpl
Event: 0.439 loading class com/sun/xml/bind/v2/model/impl/RuntimeEnumLeafInfoImpl done
Event: 0.439 loading class com/sun/xml/bind/v2/model/runtime/RuntimeEnumLeafInfo
Event: 0.439 loading class com/sun/xml/bind/v2/model/runtime/RuntimeEnumLeafInfo done
Event: 0.441 Loaded shared library E:\2-2023\GDVLPMT\un\2022.3.5f1\Editor\Data\PlaybackEngines\AndroidPlayer\OpenJDK\bin\zip.dll
Event: 0.442 loading class com/sun/xml/bind/v2/model/impl/ElementInfoImpl
Event: 0.442 loading class com/sun/xml/bind/v2/model/impl/ElementInfoImpl done
Event: 0.443 loading class com/sun/xml/bind/v2/model/core/ElementInfo
Event: 0.443 loading class com/sun/xml/bind/v2/model/core/ElementInfo done
Event: 0.444 loading class com/sun/xml/bind/v2/model/impl/RuntimeElementInfoImpl
Event: 0.444 loading class com/sun/xml/bind/v2/model/impl/RuntimeElementInfoImpl done
Event: 0.445 loading class com/sun/xml/bind/v2/model/runtime/RuntimeElementInfo
Event: 0.445 loading class com/sun/xml/bind/v2/model/runtime/RuntimeElementInfo done
Event: 0.446 loading class com/sun/xml/bind/WhiteSpaceProcessor
Event: 0.446 loading class com/sun/xml/bind/WhiteSpaceProcessor done
Event: 0.447 loading class com/sun/xml/bind/v2/model/impl/Utils
Event: 0.447 loading class com/sun/xml/bind/v2/model/impl/Utils done


Dynamic libraries:
0x00007ff6fae80000 - 0x00007ff6fae8d000 	E:\2-2023\GDVLPMT\un\2022.3.5f1\Editor\Data\PlaybackEngines\AndroidPlayer\OpenJDK\bin\java.exe
0x00007ff9d90b0000 - 0x00007ff9d92a8000 	C:\WINDOWS\SYSTEM32\ntdll.dll
0x00007ff9d8890000 - 0x00007ff9d8951000 	C:\WINDOWS\System32\KERNEL32.DLL
0x00007ff9d6ce0000 - 0x00007ff9d6fdd000 	C:\WINDOWS\System32\KERNELBASE.dll
0x00007ff9d6fe0000 - 0x00007ff9d70e0000 	C:\WINDOWS\System32\ucrtbase.dll
0x00007ff9bc0c0000 - 0x00007ff9bc0d7000 	E:\2-2023\GDVLPMT\un\2022.3.5f1\Editor\Data\PlaybackEngines\AndroidPlayer\OpenJDK\bin\jli.dll
0x00007ff9a38f0000 - 0x00007ff9a3905000 	E:\2-2023\GDVLPMT\un\2022.3.5f1\Editor\Data\PlaybackEngines\AndroidPlayer\OpenJDK\bin\VCRUNTIME140.dll
0x00007ff9d7720000 - 0x00007ff9d78bd000 	C:\WINDOWS\System32\USER32.dll
0x00007ff9d6aa0000 - 0x00007ff9d6ac2000 	C:\WINDOWS\System32\win32u.dll
0x00007ff9d8240000 - 0x00007ff9d826b000 	C:\WINDOWS\System32\GDI32.dll
0x00007ff9d6ad0000 - 0x00007ff9d6be7000 	C:\WINDOWS\System32\gdi32full.dll
0x00007ff9b9e80000 - 0x00007ff9ba11a000 	C:\WINDOWS\WinSxS\amd64_microsoft.windows.common-controls_6595b64144ccf1df_6.0.19041.4355_none_60b8b9eb71f62e16\COMCTL32.dll
0x00007ff9d6bf0000 - 0x00007ff9d6c8d000 	C:\WINDOWS\System32\msvcp_win.dll
0x00007ff9d8640000 - 0x00007ff9d86de000 	C:\WINDOWS\System32\msvcrt.dll
0x00007ff9d79b0000 - 0x00007ff9d79df000 	C:\WINDOWS\System32\IMM32.DLL
0x000000006ddf0000 - 0x000000006ddfc000 	C:\Program Files (x86)\360\Total Security\safemon\SafeWrapper.dll
0x00007ff9d8960000 - 0x00007ff9d8a10000 	C:\WINDOWS\System32\ADVAPI32.dll
0x00007ff9d7620000 - 0x00007ff9d76c0000 	C:\WINDOWS\System32\sechost.dll
0x00007ff9d8e70000 - 0x00007ff9d8f93000 	C:\WINDOWS\System32\RPCRT4.dll
0x00007ff9d6930000 - 0x00007ff9d6957000 	C:\WINDOWS\System32\bcrypt.dll
0x00007ff98d860000 - 0x00007ff98d8f2000 	C:\Program Files (x86)\360\Total Security\safemon\libzdtp64.dll
0x00007ff9d7ad0000 - 0x00007ff9d823f000 	C:\WINDOWS\System32\SHELL32.dll
0x00007ff9d8d70000 - 0x00007ff9d8dc5000 	C:\WINDOWS\System32\SHLWAPI.dll
0x00007ff9d6260000 - 0x00007ff9d626a000 	C:\WINDOWS\SYSTEM32\VERSION.dll
0x00007ff96a6c0000 - 0x00007ff96a75b000 	E:\2-2023\GDVLPMT\un\2022.3.5f1\Editor\Data\PlaybackEngines\AndroidPlayer\OpenJDK\bin\msvcp140.dll
0x00007ff91a8c0000 - 0x00007ff91b441000 	E:\2-2023\GDVLPMT\un\2022.3.5f1\Editor\Data\PlaybackEngines\AndroidPlayer\OpenJDK\bin\server\jvm.dll
0x00007ff9d8dd0000 - 0x00007ff9d8dd8000 	C:\WINDOWS\System32\PSAPI.DLL
0x00007ff9cc470000 - 0x00007ff9cc497000 	C:\WINDOWS\SYSTEM32\WINMM.dll
0x00007ff9becc0000 - 0x00007ff9becc9000 	C:\WINDOWS\SYSTEM32\WSOCK32.dll
0x00007ff9d8270000 - 0x00007ff9d82db000 	C:\WINDOWS\System32\WS2_32.dll
0x00007ff9d4ec0000 - 0x00007ff9d4ed2000 	C:\WINDOWS\SYSTEM32\kernel.appcore.dll
0x00007ff9a96c0000 - 0x00007ff9a96d0000 	E:\2-2023\GDVLPMT\un\2022.3.5f1\Editor\Data\PlaybackEngines\AndroidPlayer\OpenJDK\bin\verify.dll
0x00007ff9d4bb0000 - 0x00007ff9d4d94000 	C:\WINDOWS\SYSTEM32\DBGHELP.DLL
0x00007ff9bdb20000 - 0x00007ff9bdb54000 	C:\WINDOWS\SYSTEM32\dbgcore.DLL
0x00007ff9d6a10000 - 0x00007ff9d6a92000 	C:\WINDOWS\System32\bcryptPrimitives.dll
0x00007ff96d060000 - 0x00007ff96d088000 	E:\2-2023\GDVLPMT\un\2022.3.5f1\Editor\Data\PlaybackEngines\AndroidPlayer\OpenJDK\bin\java.dll
0x00007ff9a8ee0000 - 0x00007ff9a8eea000 	E:\2-2023\GDVLPMT\un\2022.3.5f1\Editor\Data\PlaybackEngines\AndroidPlayer\OpenJDK\bin\jimage.dll
0x00007ff991f90000 - 0x00007ff991fa8000 	E:\2-2023\GDVLPMT\un\2022.3.5f1\Editor\Data\PlaybackEngines\AndroidPlayer\OpenJDK\bin\zip.dll
0x00007ff9d4410000 - 0x00007ff9d4baf000 	C:\WINDOWS\SYSTEM32\windows.storage.dll
0x00007ff9d82e0000 - 0x00007ff9d8633000 	C:\WINDOWS\System32\combase.dll
0x00007ff9d5f60000 - 0x00007ff9d5f8e000 	C:\WINDOWS\SYSTEM32\Wldp.dll
0x00007ff9d8fa0000 - 0x00007ff9d906d000 	C:\WINDOWS\System32\OLEAUT32.dll
0x00007ff9d8a70000 - 0x00007ff9d8b1d000 	C:\WINDOWS\System32\SHCORE.dll
0x00007ff9d6690000 - 0x00007ff9d66b4000 	C:\WINDOWS\SYSTEM32\profapi.dll
0x00007ff96ee50000 - 0x00007ff96ee69000 	E:\2-2023\GDVLPMT\un\2022.3.5f1\Editor\Data\PlaybackEngines\AndroidPlayer\OpenJDK\bin\net.dll
0x00007ff9cf6f0000 - 0x00007ff9cf7fd000 	C:\WINDOWS\SYSTEM32\WINHTTP.dll
0x00007ff9d5d40000 - 0x00007ff9d5daa000 	C:\WINDOWS\system32\mswsock.dll
0x00007ff96e390000 - 0x00007ff96e3a3000 	E:\2-2023\GDVLPMT\un\2022.3.5f1\Editor\Data\PlaybackEngines\AndroidPlayer\OpenJDK\bin\nio.dll

dbghelp: loaded successfully - version: 4.0.5 - missing functions: none
symbol engine: initialized successfully - sym options: 0x614 - pdb path: .;E:\2-2023\GDVLPMT\un\2022.3.5f1\Editor\Data\PlaybackEngines\AndroidPlayer\OpenJDK\bin;C:\WINDOWS\SYSTEM32;C:\WINDOWS\WinSxS\amd64_microsoft.windows.common-controls_6595b64144ccf1df_6.0.19041.4355_none_60b8b9eb71f62e16;C:\Program Files (x86)\360\Total Security\safemon;E:\2-2023\GDVLPMT\un\2022.3.5f1\Editor\Data\PlaybackEngines\AndroidPlayer\OpenJDK\bin\server

VM Arguments:
jvm_args: -Dfile.encoding=UTF-8 -Dcom.android.sdklib.toolsdir=E:\2-2023\GDVLPMT\un\2022.3.5f1\Editor\Data\PlaybackEngines\AndroidPlayer\SDK\cmdline-tools\6.0\bin\\.. 
java_command: com.android.sdklib.tool.sdkmanager.SdkManagerCli --list
java_class_path (initial): E:\2-2023\GDVLPMT\un\2022.3.5f1\Editor\Data\PlaybackEngines\AndroidPlayer\SDK\cmdline-tools\6.0\bin\..\lib\sdkmanager-classpath.jar
Launcher Type: SUN_STANDARD

[Global flags]
     intx CICompilerCount                          = 4                                         {product} {ergonomic}
     uint ConcGCThreads                            = 2                                         {product} {ergonomic}
     uint G1ConcRefinementThreads                  = 8                                         {product} {ergonomic}
   size_t G1HeapRegionSize                         = 1048576                                   {product} {ergonomic}
    uintx GCDrainStackTargetSize                   = 64                                        {product} {ergonomic}
   size_t InitialHeapSize                          = 266338304                                 {product} {ergonomic}
   size_t MarkStackSize                            = 4194304                                   {product} {ergonomic}
   size_t MaxHeapSize                              = 4234149888                                {product} {ergonomic}
   size_t MaxNewSize                               = 2539651072                                {product} {ergonomic}
   size_t MinHeapDeltaBytes                        = 1048576                                   {product} {ergonomic}
    uintx NonNMethodCodeHeapSize                   = 5836300                                {pd product} {ergonomic}
    uintx NonProfiledCodeHeapSize                  = 122910970                              {pd product} {ergonomic}
    uintx ProfiledCodeHeapSize                     = 122910970                              {pd product} {ergonomic}
    uintx ReservedCodeCacheSize                    = 251658240                              {pd product} {ergonomic}
     bool SegmentedCodeCache                       = true                                      {product} {ergonomic}
     bool UseCompressedClassPointers               = true                                 {lp64_product} {ergonomic}
     bool UseCompressedOops                        = true                                 {lp64_product} {ergonomic}
     bool UseG1GC                                  = true                                      {product} {ergonomic}
     bool UseLargePagesIndividualAllocation        = false                                  {pd product} {ergonomic}

Logging:
Log output configuration:
 #0: stdout all=warning uptime,level,tags
 #1: stderr all=off uptime,level,tags

Environment Variables:
JAVA_HOME=E:\2-2023\GDVLPMT\un\2022.3.5f1\Editor\Data\PlaybackEngines\AndroidPlayer\OpenJDK
JAVA_TOOL_OPTIONS=-Dfile.encoding=UTF-8
CLASSPATH=E:\2-2023\GDVLPMT\un\2022.3.5f1\Editor\Data\PlaybackEngines\AndroidPlayer\SDK\cmdline-tools\6.0\bin\..\lib\sdkmanager-classpath.jar
PATH=E:\ORACLE\app\oracle\product\11.2.0\server\bin;C:\Program Files (x86)\Common Files\Oracle\Java\javapath;C:\Program Files\dotnet;D:\;D:\Documentos\;E:\2-2023\BDIII\cassandra\apache-cassandra-3.11.13\bin;E:\2-2023\MVLII\Flutter\flutter\bin;C:\Windows\System32;C:\Program Files\PuTTY\;C:\Users\Usuario\AppData\Local\Programs\Python\Python312;C:\Users\Usuario\AppData\Local\Programs\Python\Python312\Scripts;C:\Windows\System32\WindowsPowerShell\v1.0;C:\Users\Usuario\AppData\Local\Programs\Python\Python312\Scripts\;C:\Users\Usuario\AppData\Local\Programs\Python\Python312\;C:\Program Files\MySQL\MySQL Shell 8.0\bin\;C:\Users\Usuario\AppData\Local\Microsoft\WindowsApps;C:\Users\Usuario\.dotnet\tools;C:\Program Files\Azure Data Studio\bin;C:\Users\Usuario\AppData\Roaming\npm;C:\Users\Usuario\AppData\Local\Programs\Microsoft VS Code\bin;C:\Program Files\Java\jdk-11\bin;D:\Documentos\node_modules\npm\bin;D:\Documentos\node_modules;D:\Git\bin;E:\2-2023\BDIII\cassandra\apache-cassandra-3.11.13\bin;C:\Windows\System32\WindowsPowerShell\v1.0;
USERNAME=Usuario
OS=Windows_NT
PROCESSOR_IDENTIFIER=Intel64 Family 6 Model 126 Stepping 5, GenuineIntel



---------------  S Y S T E M  ---------------

OS: Windows 10 , 64 bit Build 19041 (10.0.19041.4717)
OS uptime: 5 days 0:40 hours
Hyper-V role detected

CPU:total 8 (initial active 8) (4 cores per cpu, 2 threads per core) family 6 model 126 stepping 5 microcode 0xc2, cmov, cx8, fxsr, mmx, sse, sse2, sse3, ssse3, sse4.1, sse4.2, popcnt, avx, avx2, aes, clmul, erms, 3dnowpref, lzcnt, ht, tsc, tscinvbit, bmi1, bmi2, adx, evex, sha, fma

Memory: 4k page, system-wide physical 16151M (956M free)
TotalPageFile size 26326M (AvailPageFile size 261M)
current process WorkingSet (physical memory assigned to process): 77M, peak: 77M
current process commit charge ("private bytes"): 354M, peak: 354M

vm_info: OpenJDK 64-Bit Server VM (11.0.14.1+1) for windows-amd64 JRE (11.0.14.1+1), built on Feb  9 2022 01:48:27 by "" with unknown MS VC++:1916

END.
